#
# There is insufficient memory for the Java Runtime Environment to continue.
# Native memory allocation (malloc) failed to allocate 1319696 bytes for Chunk::new
# Possible reasons:
#   The system is out of physical RAM or swap space
#   The process is running with CompressedOops enabled, and the Java Heap may be blocking the growth of the native heap
# Possible solutions:
#   Reduce memory load on the system
#   Increase physical memory or swap space
#   Check if swap backing store is full
#   Decrease Java heap size (-Xmx/-Xms)
#   Decrease number of Java threads
#   Decrease Java thread stack sizes (-Xss)
#   Set larger code cache with -XX:ReservedCodeCacheSize=
#   JVM is running with Unscaled Compressed Oops mode in which the Java heap is
#     placed in the first 4GB address space. The Java Heap base address is the
#     maximum limit for the native heap growth. Please use -XX:HeapBaseMinAddress
#     to set the Java Heap base and to place the Java Heap above 4GB virtual address.
# This output file may be truncated or incomplete.
#
#  Out of Memory Error (./src/hotspot/share/memory/arena.cpp:197), pid=16624, tid=17672
#
# JRE version: OpenJDK Runtime Environment (11.0.12+7) (build 11.0.12+7-b1504.28-7817840)
# Java VM: OpenJDK 64-Bit Server VM (11.0.12+7-b1504.28-7817840, mixed mode, tiered, compressed oops, g1 gc, windows-amd64)
# No core dump will be written. Minidumps are not enabled by default on client versions of Windows
#

---------------  S U M M A R Y ------------

Command Line: --add-opens=java.base/java.util=ALL-UNNAMED --add-opens=java.base/java.lang=ALL-UNNAMED --add-opens=java.base/java.lang.invoke=ALL-UNNAMED --add-opens=java.base/java.util=ALL-UNNAMED --add-opens=java.prefs/java.util.prefs=ALL-UNNAMED --add-opens=java.prefs/java.util.prefs=ALL-UNNAMED --add-opens=java.base/java.nio.charset=ALL-UNNAMED --add-opens=java.base/java.net=ALL-UNNAMED --add-opens=java.base/java.util.concurrent.atomic=ALL-UNNAMED -Xmx2048m -Dfile.encoding=UTF-8 -Duser.country=IN -Duser.language=en -Duser.variant org.gradle.launcher.daemon.bootstrap.GradleDaemon 7.3.3

Host: 11th Gen Intel(R) Core(TM) i7-1165G7 @ 2.80GHz, 8 cores, 15G,  Windows 10 , 64 bit Build 19041 (10.0.19041.1706)
Time: Thu Jun 16 09:34:23 2022 India Standard Time elapsed time: 9.622669 seconds (0d 0h 0m 9s)

---------------  T H R E A D  ---------------

Current thread (0x000002505cc4d800):  JavaThread "C2 CompilerThread1" daemon [_thread_in_native, id=17672, stack(0x00000063ddd00000,0x00000063dde00000)]


Current CompileTask:
C2:   9622 6653       4       java.net.URLClassLoader$1::run (5 bytes)

Stack: [0x00000063ddd00000,0x00000063dde00000]
Native frames: (J=compiled Java code, j=interpreted, Vv=VM code, C=native code)
V  [jvm.dll+0x5fbcea]
V  [jvm.dll+0x731905]
V  [jvm.dll+0x732f1d]
V  [jvm.dll+0x7335d3]
V  [jvm.dll+0x247bf8]
V  [jvm.dll+0xc018c]
V  [jvm.dll+0xc06cc]
V  [jvm.dll+0x35b31d]
V  [jvm.dll+0x19cebc]
V  [jvm.dll+0x20070e]
V  [jvm.dll+0x1ff794]
V  [jvm.dll+0x18868c]
V  [jvm.dll+0x20e0d7]
V  [jvm.dll+0x20c901]
V  [jvm.dll+0x6f9b7f]
V  [jvm.dll+0x6f26a5]
V  [jvm.dll+0x5fabf6]
C  [ucrtbase.dll+0x21bb2]
C  [KERNEL32.DLL+0x17034]
C  [ntdll.dll+0x52651]


---------------  P R O C E S S  ---------------

Threads class SMR info:
_java_thread_list=0x000002505faee930, length=124, elements={
0x000002503d6ea800, 0x000002505a383000, 0x000002505a38b000, 0x000002505a3e4800,
0x000002505a3e9000, 0x000002505a3ea000, 0x000002505a3ee000, 0x000002505a3f7000,
0x000002505a3fb800, 0x000002505a559000, 0x000002505d88b800, 0x000002505bdbf800,
0x000002505ab2f000, 0x000002505a652000, 0x000002505cf0c800, 0x000002505b22d000,
0x000002505cfb1000, 0x000002505c6be000, 0x000002505c53e800, 0x000002505c7c1000,
0x000002505c7be800, 0x000002505c7bf800, 0x000002505c7c2000, 0x000002505cc4d800,
0x000002505c7bd000, 0x000002505c7c2800, 0x000002505c7c3800, 0x000002505c7c0000,
0x000002505c7bd800, 0x000002505d19a800, 0x000002505d19f800, 0x000002505d19c000,
0x000002505d199800, 0x000002505d1a0000, 0x000002505d1a2800, 0x000002505d1a6000,
0x000002505d1a5000, 0x000002505d1a6800, 0x000002505d1a3800, 0x000002505d1a4800,
0x000002505d1a1000, 0x000002505d1a7800, 0x000002505d1a2000, 0x000002505d1a8800,
0x000002505e088800, 0x000002505e08c800, 0x000002505e08b800, 0x000002505e086800,
0x000002505e089000, 0x000002505e08d000, 0x000002505e087800, 0x000002505e08e000,
0x000002505e08f000, 0x000002505e08a800, 0x000002505e08f800, 0x000002505e08a000,
0x000002505e091800, 0x000002505e093000, 0x000002505e090800, 0x000002505e092000,
0x000002505e093800, 0x000002505e094800, 0x000002505e095800, 0x00000250603e4800,
0x00000250603e3000, 0x00000250603df800, 0x00000250603e3800, 0x00000250603e5000,
0x00000250603e1000, 0x00000250603e2000, 0x00000250603e6000, 0x00000250603e0800,
0x00000250603e9800, 0x00000250603ec800, 0x00000250603e7000, 0x00000250603e7800,
0x00000250603eb000, 0x00000250603ea000, 0x00000250603e8800, 0x00000250603ec000,
0x00000250603ee000, 0x00000250603ed800, 0x000002505cac4000, 0x000002505cac3000,
0x000002505cabe800, 0x000002505cac2800, 0x000002505cac0000, 0x000002505cac5000,
0x000002505cabf000, 0x000002505cac1800, 0x000002505cac5800, 0x000002505cac6800,
0x000002505cac0800, 0x000002505cacd000, 0x000002505caca800, 0x000002505cac9000,
0x000002505cac8000, 0x000002505cac7000, 0x000002505cacc000, 0x000002505cacb800,
0x000002505cac9800, 0x000002505f805800, 0x000002505f803000, 0x000002505f807000,
0x000002505f808000, 0x000002505f802000, 0x000002505f808800, 0x000002505f806000,
0x000002505f809800, 0x000002505f803800, 0x000002505f80a800, 0x000002505f804800,
0x000002505f80c000, 0x000002505f80c800, 0x000002505f80e800, 0x000002505f80f000,
0x000002505f810000, 0x000002505f80d800, 0x000002505f811000, 0x000002505f80b000,
0x000002505f79f000, 0x000002505f79b000, 0x000002505de17000, 0x000002505f7a0000
}

Java Threads: ( => current thread )
  0x000002503d6ea800 JavaThread "main" [_thread_blocked, id=7836, stack(0x00000063db700000,0x00000063db800000)]
  0x000002505a383000 JavaThread "Reference Handler" daemon [_thread_blocked, id=19836, stack(0x00000063dbe00000,0x00000063dbf00000)]
  0x000002505a38b000 JavaThread "Finalizer" daemon [_thread_blocked, id=26640, stack(0x00000063dbf00000,0x00000063dc000000)]
  0x000002505a3e4800 JavaThread "Signal Dispatcher" daemon [_thread_blocked, id=2396, stack(0x00000063dc000000,0x00000063dc100000)]
  0x000002505a3e9000 JavaThread "Attach Listener" daemon [_thread_blocked, id=30920, stack(0x00000063dc100000,0x00000063dc200000)]
  0x000002505a3ea000 JavaThread "Service Thread" daemon [_thread_blocked, id=38384, stack(0x00000063dc200000,0x00000063dc300000)]
  0x000002505a3ee000 JavaThread "C2 CompilerThread0" daemon [_thread_blocked, id=38308, stack(0x00000063dc300000,0x00000063dc400000)]
  0x000002505a3f7000 JavaThread "C1 CompilerThread0" daemon [_thread_blocked, id=33984, stack(0x00000063dc400000,0x00000063dc500000)]
  0x000002505a3fb800 JavaThread "Sweeper thread" daemon [_thread_blocked, id=28716, stack(0x00000063dc500000,0x00000063dc600000)]
  0x000002505a559000 JavaThread "Common-Cleaner" daemon [_thread_blocked, id=25564, stack(0x00000063dc600000,0x00000063dc700000)]
  0x000002505d88b800 JavaThread "Daemon health stats" [_thread_blocked, id=4468, stack(0x00000063dcf00000,0x00000063dd000000)]
  0x000002505bdbf800 JavaThread "Incoming local TCP Connector on port 57564" [_thread_in_native, id=40812, stack(0x00000063dc800000,0x00000063dc900000)]
  0x000002505ab2f000 JavaThread "Daemon periodic checks" [_thread_blocked, id=31796, stack(0x00000063dc900000,0x00000063dca00000)]
  0x000002505a652000 JavaThread "Daemon" [_thread_blocked, id=16572, stack(0x00000063dd000000,0x00000063dd100000)]
  0x000002505cf0c800 JavaThread "Handler for socket connection from /127.0.0.1:57564 to /127.0.0.1:57565" [_thread_in_native, id=35144, stack(0x00000063dd100000,0x00000063dd200000)]
  0x000002505b22d000 JavaThread "Cancel handler" [_thread_blocked, id=5192, stack(0x00000063dd200000,0x00000063dd300000)]
  0x000002505cfb1000 JavaThread "Daemon worker" [_thread_in_native, id=29128, stack(0x00000063dd300000,0x00000063dd400000)]
  0x000002505c6be000 JavaThread "Asynchronous log dispatcher for DefaultDaemonConnection: socket connection from /127.0.0.1:57564 to /127.0.0.1:57565" [_thread_blocked, id=19396, stack(0x00000063dd400000,0x00000063dd500000)]
  0x000002505c53e800 JavaThread "Stdin handler" [_thread_blocked, id=24192, stack(0x00000063dd500000,0x00000063dd600000)]
  0x000002505c7c1000 JavaThread "Daemon client event forwarder" [_thread_blocked, id=34568, stack(0x00000063dd600000,0x00000063dd700000)]
  0x000002505c7be800 JavaThread "Cache worker for journal cache (C:\Users\Dell\.gradle\caches\journal-1)" [_thread_blocked, id=25620, stack(0x00000063dd900000,0x00000063dda00000)]
  0x000002505c7bf800 JavaThread "File lock request listener" [_thread_in_native, id=29520, stack(0x00000063dda00000,0x00000063ddb00000)]
  0x000002505c7c2000 JavaThread "Cache worker for file hash cache (C:\Users\Dell\.gradle\caches\7.3.3\fileHashes)" [_thread_blocked, id=23788, stack(0x00000063ddb00000,0x00000063ddc00000)]
=>0x000002505cc4d800 JavaThread "C2 CompilerThread1" daemon [_thread_in_native, id=17672, stack(0x00000063ddd00000,0x00000063dde00000)]
  0x000002505c7bd000 JavaThread "Cache worker for file hash cache (C:\Users\Dell\StudioProjects\HelmetAPP\.gradle\7.3.3\fileHashes)" [_thread_blocked, id=30972, stack(0x00000063dde00000,0x00000063ddf00000)]
  0x000002505c7c2800 JavaThread "File watcher server" daemon [_thread_in_native, id=18928, stack(0x00000063de000000,0x00000063de100000)]
  0x000002505c7c3800 JavaThread "File watcher consumer" daemon [_thread_blocked, id=36148, stack(0x00000063de100000,0x00000063de200000)]
  0x000002505c7c0000 JavaThread "Cache worker for checksums cache (C:\Users\Dell\StudioProjects\HelmetAPP\.gradle\7.3.3\checksums)" [_thread_blocked, id=13800, stack(0x00000063de200000,0x00000063de300000)]
  0x000002505c7bd800 JavaThread "Cache worker for cache directory md-supplier (C:\Users\Dell\.gradle\caches\7.3.3\md-supplier)" [_thread_blocked, id=42372, stack(0x00000063de300000,0x00000063de400000)]
  0x000002505d19a800 JavaThread "Cache worker for cache directory md-rule (C:\Users\Dell\.gradle\caches\7.3.3\md-rule)" [_thread_blocked, id=36424, stack(0x00000063de400000,0x00000063de500000)]
  0x000002505d19f800 JavaThread "Cache worker for execution history cache (C:\Users\Dell\.gradle\caches\7.3.3\executionHistory)" [_thread_blocked, id=34176, stack(0x00000063de500000,0x00000063de600000)]
  0x000002505d19c000 JavaThread "jar transforms" [_thread_blocked, id=28096, stack(0x00000063de600000,0x00000063de700000)]
  0x000002505d199800 JavaThread "Cache worker for file content cache (C:\Users\Dell\.gradle\caches\7.3.3\fileContent)" [_thread_blocked, id=24768, stack(0x00000063de700000,0x00000063de800000)]
  0x000002505d1a0000 JavaThread "jar transforms Thread 2" [_thread_blocked, id=42764, stack(0x00000063de800000,0x00000063de900000)]
  0x000002505d1a2800 JavaThread "Cache worker for dependencies-accessors (C:\Users\Dell\StudioProjects\HelmetAPP\.gradle\7.3.3\dependencies-accessors)" [_thread_blocked, id=1144, stack(0x00000063de900000,0x00000063dea00000)]
  0x000002505d1a6000 JavaThread "jar transforms Thread 3" [_thread_blocked, id=20200, stack(0x00000063dea00000,0x00000063deb00000)]
  0x000002505d1a5000 JavaThread "Cache worker for Build Output Cleanup Cache (C:\Users\Dell\StudioProjects\HelmetAPP\.gradle\buildOutputCleanup)" [_thread_blocked, id=36872, stack(0x00000063deb00000,0x00000063dec00000)]
  0x000002505d1a6800 JavaThread "Unconstrained build operations" [_thread_blocked, id=8328, stack(0x00000063dec00000,0x00000063ded00000)]
  0x000002505d1a3800 JavaThread "Unconstrained build operations Thread 2" [_thread_blocked, id=28384, stack(0x00000063ded00000,0x00000063dee00000)]
  0x000002505d1a4800 JavaThread "Unconstrained build operations Thread 3" [_thread_blocked, id=21776, stack(0x00000063dee00000,0x00000063def00000)]
  0x000002505d1a1000 JavaThread "Unconstrained build operations Thread 4" [_thread_blocked, id=39756, stack(0x00000063def00000,0x00000063df000000)]
  0x000002505d1a7800 JavaThread "Unconstrained build operations Thread 5" [_thread_blocked, id=24844, stack(0x00000063df000000,0x00000063df100000)]
  0x000002505d1a2000 JavaThread "Unconstrained build operations Thread 6" [_thread_blocked, id=18480, stack(0x00000063df100000,0x00000063df200000)]
  0x000002505d1a8800 JavaThread "Unconstrained build operations Thread 7" [_thread_blocked, id=25880, stack(0x00000063df200000,0x00000063df300000)]
  0x000002505e088800 JavaThread "Unconstrained build operations Thread 8" [_thread_blocked, id=33992, stack(0x00000063df300000,0x00000063df400000)]
  0x000002505e08c800 JavaThread "Unconstrained build operations Thread 9" [_thread_blocked, id=28736, stack(0x00000063df400000,0x00000063df500000)]
  0x000002505e08b800 JavaThread "Unconstrained build operations Thread 10" [_thread_blocked, id=9484, stack(0x00000063df500000,0x00000063df600000)]
  0x000002505e086800 JavaThread "Unconstrained build operations Thread 11" [_thread_blocked, id=18816, stack(0x00000063df600000,0x00000063df700000)]
  0x000002505e089000 JavaThread "Unconstrained build operations Thread 12" [_thread_blocked, id=15636, stack(0x00000063df700000,0x00000063df800000)]
  0x000002505e08d000 JavaThread "Unconstrained build operations Thread 13" [_thread_blocked, id=25372, stack(0x00000063df800000,0x00000063df900000)]
  0x000002505e087800 JavaThread "Unconstrained build operations Thread 14" [_thread_blocked, id=25280, stack(0x00000063df900000,0x00000063dfa00000)]
  0x000002505e08e000 JavaThread "Unconstrained build operations Thread 15" [_thread_blocked, id=31912, stack(0x00000063dfa00000,0x00000063dfb00000)]
  0x000002505e08f000 JavaThread "Unconstrained build operations Thread 16" [_thread_blocked, id=16504, stack(0x00000063dfb00000,0x00000063dfc00000)]
  0x000002505e08a800 JavaThread "Unconstrained build operations Thread 17" [_thread_blocked, id=13708, stack(0x00000063dfc00000,0x00000063dfd00000)]
  0x000002505e08f800 JavaThread "Unconstrained build operations Thread 18" [_thread_blocked, id=36584, stack(0x00000063dfd00000,0x00000063dfe00000)]
  0x000002505e08a000 JavaThread "Unconstrained build operations Thread 19" [_thread_blocked, id=35476, stack(0x00000063dfe00000,0x00000063dff00000)]
  0x000002505e091800 JavaThread "Unconstrained build operations Thread 20" [_thread_blocked, id=8000, stack(0x00000063dff00000,0x00000063e0000000)]
  0x000002505e093000 JavaThread "Unconstrained build operations Thread 21" [_thread_blocked, id=36688, stack(0x00000063e0000000,0x00000063e0100000)]
  0x000002505e090800 JavaThread "Unconstrained build operations Thread 22" [_thread_blocked, id=26248, stack(0x00000063e0100000,0x00000063e0200000)]
  0x000002505e092000 JavaThread "Unconstrained build operations Thread 23" [_thread_blocked, id=26540, stack(0x00000063e0200000,0x00000063e0300000)]
  0x000002505e093800 JavaThread "Unconstrained build operations Thread 24" [_thread_blocked, id=41588, stack(0x00000063e0300000,0x00000063e0400000)]
  0x000002505e094800 JavaThread "Unconstrained build operations Thread 25" [_thread_blocked, id=10732, stack(0x00000063e0400000,0x00000063e0500000)]
  0x000002505e095800 JavaThread "Unconstrained build operations Thread 26" [_thread_blocked, id=21272, stack(0x00000063e0500000,0x00000063e0600000)]
  0x00000250603e4800 JavaThread "Unconstrained build operations Thread 27" [_thread_blocked, id=26964, stack(0x00000063e0600000,0x00000063e0700000)]
  0x00000250603e3000 JavaThread "Unconstrained build operations Thread 28" [_thread_blocked, id=30068, stack(0x00000063e0700000,0x00000063e0800000)]
  0x00000250603df800 JavaThread "Unconstrained build operations Thread 29" [_thread_blocked, id=32176, stack(0x00000063e0800000,0x00000063e0900000)]
  0x00000250603e3800 JavaThread "Unconstrained build operations Thread 30" [_thread_blocked, id=42344, stack(0x00000063e0900000,0x00000063e0a00000)]
  0x00000250603e5000 JavaThread "Unconstrained build operations Thread 31" [_thread_blocked, id=35004, stack(0x00000063e0a00000,0x00000063e0b00000)]
  0x00000250603e1000 JavaThread "Unconstrained build operations Thread 32" [_thread_blocked, id=24832, stack(0x00000063e0b00000,0x00000063e0c00000)]
  0x00000250603e2000 JavaThread "Unconstrained build operations Thread 33" [_thread_blocked, id=7536, stack(0x00000063e0c00000,0x00000063e0d00000)]
  0x00000250603e6000 JavaThread "Unconstrained build operations Thread 34" [_thread_blocked, id=37020, stack(0x00000063e0d00000,0x00000063e0e00000)]
  0x00000250603e0800 JavaThread "Unconstrained build operations Thread 35" [_thread_blocked, id=7244, stack(0x00000063e0e00000,0x00000063e0f00000)]
  0x00000250603e9800 JavaThread "Unconstrained build operations Thread 36" [_thread_blocked, id=26592, stack(0x00000063e0f00000,0x00000063e1000000)]
  0x00000250603ec800 JavaThread "Unconstrained build operations Thread 37" [_thread_blocked, id=33056, stack(0x00000063e1000000,0x00000063e1100000)]
  0x00000250603e7000 JavaThread "Unconstrained build operations Thread 38" [_thread_blocked, id=27860, stack(0x00000063e1100000,0x00000063e1200000)]
  0x00000250603e7800 JavaThread "Unconstrained build operations Thread 39" [_thread_blocked, id=28440, stack(0x00000063e1200000,0x00000063e1300000)]
  0x00000250603eb000 JavaThread "Unconstrained build operations Thread 40" [_thread_blocked, id=30708, stack(0x00000063e1300000,0x00000063e1400000)]
  0x00000250603ea000 JavaThread "Unconstrained build operations Thread 41" [_thread_blocked, id=34116, stack(0x00000063e1400000,0x00000063e1500000)]
  0x00000250603e8800 JavaThread "Unconstrained build operations Thread 42" [_thread_blocked, id=28116, stack(0x00000063e1500000,0x00000063e1600000)]
  0x00000250603ec000 JavaThread "Unconstrained build operations Thread 43" [_thread_blocked, id=29316, stack(0x00000063e1600000,0x00000063e1700000)]
  0x00000250603ee000 JavaThread "Unconstrained build operations Thread 44" [_thread_blocked, id=10484, stack(0x00000063e1700000,0x00000063e1800000)]
  0x00000250603ed800 JavaThread "Unconstrained build operations Thread 45" [_thread_blocked, id=39616, stack(0x00000063e1800000,0x00000063e1900000)]
  0x000002505cac4000 JavaThread "Unconstrained build operations Thread 46" [_thread_blocked, id=34976, stack(0x00000063e1900000,0x00000063e1a00000)]
  0x000002505cac3000 JavaThread "Unconstrained build operations Thread 47" [_thread_blocked, id=10520, stack(0x00000063e1a00000,0x00000063e1b00000)]
  0x000002505cabe800 JavaThread "Unconstrained build operations Thread 48" [_thread_blocked, id=12308, stack(0x00000063e1b00000,0x00000063e1c00000)]
  0x000002505cac2800 JavaThread "Unconstrained build operations Thread 49" [_thread_blocked, id=34824, stack(0x00000063e1c00000,0x00000063e1d00000)]
  0x000002505cac0000 JavaThread "Unconstrained build operations Thread 50" [_thread_blocked, id=24700, stack(0x00000063e1d00000,0x00000063e1e00000)]
  0x000002505cac5000 JavaThread "Unconstrained build operations Thread 51" [_thread_blocked, id=26856, stack(0x00000063e1e00000,0x00000063e1f00000)]
  0x000002505cabf000 JavaThread "Unconstrained build operations Thread 52" [_thread_blocked, id=24848, stack(0x00000063e1f00000,0x00000063e2000000)]
  0x000002505cac1800 JavaThread "Unconstrained build operations Thread 53" [_thread_blocked, id=37768, stack(0x00000063e2000000,0x00000063e2100000)]
  0x000002505cac5800 JavaThread "Unconstrained build operations Thread 54" [_thread_blocked, id=36192, stack(0x00000063e2100000,0x00000063e2200000)]
  0x000002505cac6800 JavaThread "Unconstrained build operations Thread 55" [_thread_blocked, id=11980, stack(0x00000063e2200000,0x00000063e2300000)]
  0x000002505cac0800 JavaThread "Unconstrained build operations Thread 56" [_thread_blocked, id=23772, stack(0x00000063e2300000,0x00000063e2400000)]
  0x000002505cacd000 JavaThread "Unconstrained build operations Thread 57" [_thread_blocked, id=4580, stack(0x00000063e2400000,0x00000063e2500000)]
  0x000002505caca800 JavaThread "Unconstrained build operations Thread 58" [_thread_blocked, id=41380, stack(0x00000063e2500000,0x00000063e2600000)]
  0x000002505cac9000 JavaThread "Unconstrained build operations Thread 59" [_thread_blocked, id=13224, stack(0x00000063e2600000,0x00000063e2700000)]
  0x000002505cac8000 JavaThread "Unconstrained build operations Thread 60" [_thread_blocked, id=36888, stack(0x00000063e2700000,0x00000063e2800000)]
  0x000002505cac7000 JavaThread "Unconstrained build operations Thread 61" [_thread_blocked, id=37236, stack(0x00000063e2800000,0x00000063e2900000)]
  0x000002505cacc000 JavaThread "Unconstrained build operations Thread 62" [_thread_blocked, id=2964, stack(0x00000063e2900000,0x00000063e2a00000)]
  0x000002505cacb800 JavaThread "Unconstrained build operations Thread 63" [_thread_blocked, id=41572, stack(0x00000063e2a00000,0x00000063e2b00000)]
  0x000002505cac9800 JavaThread "Unconstrained build operations Thread 64" [_thread_blocked, id=39812, stack(0x00000063e2b00000,0x00000063e2c00000)]
  0x000002505f805800 JavaThread "Unconstrained build operations Thread 65" [_thread_blocked, id=1400, stack(0x00000063e2c00000,0x00000063e2d00000)]
  0x000002505f803000 JavaThread "Unconstrained build operations Thread 66" [_thread_blocked, id=42188, stack(0x00000063e2d00000,0x00000063e2e00000)]
  0x000002505f807000 JavaThread "Unconstrained build operations Thread 67" [_thread_blocked, id=39340, stack(0x00000063e2e00000,0x00000063e2f00000)]
  0x000002505f808000 JavaThread "Unconstrained build operations Thread 68" [_thread_blocked, id=35720, stack(0x00000063e2f00000,0x00000063e3000000)]
  0x000002505f802000 JavaThread "Unconstrained build operations Thread 69" [_thread_blocked, id=5060, stack(0x00000063e3000000,0x00000063e3100000)]
  0x000002505f808800 JavaThread "Unconstrained build operations Thread 70" [_thread_blocked, id=25536, stack(0x00000063e3100000,0x00000063e3200000)]
  0x000002505f806000 JavaThread "Unconstrained build operations Thread 71" [_thread_blocked, id=36004, stack(0x00000063e3200000,0x00000063e3300000)]
  0x000002505f809800 JavaThread "Unconstrained build operations Thread 72" [_thread_blocked, id=38796, stack(0x00000063e3300000,0x00000063e3400000)]
  0x000002505f803800 JavaThread "Unconstrained build operations Thread 73" [_thread_blocked, id=32736, stack(0x00000063e3400000,0x00000063e3500000)]
  0x000002505f80a800 JavaThread "Unconstrained build operations Thread 74" [_thread_blocked, id=36784, stack(0x00000063e3500000,0x00000063e3600000)]
  0x000002505f804800 JavaThread "Unconstrained build operations Thread 75" [_thread_blocked, id=33064, stack(0x00000063e3600000,0x00000063e3700000)]
  0x000002505f80c000 JavaThread "Unconstrained build operations Thread 76" [_thread_blocked, id=30408, stack(0x00000063e3700000,0x00000063e3800000)]
  0x000002505f80c800 JavaThread "Unconstrained build operations Thread 77" [_thread_blocked, id=38004, stack(0x00000063e3800000,0x00000063e3900000)]
  0x000002505f80e800 JavaThread "Unconstrained build operations Thread 78" [_thread_blocked, id=15956, stack(0x00000063e3900000,0x00000063e3a00000)]
  0x000002505f80f000 JavaThread "Unconstrained build operations Thread 79" [_thread_blocked, id=27256, stack(0x00000063e3a00000,0x00000063e3b00000)]
  0x000002505f810000 JavaThread "Unconstrained build operations Thread 80" [_thread_blocked, id=37676, stack(0x00000063e3b00000,0x00000063e3c00000)]
  0x000002505f80d800 JavaThread "jar transforms Thread 4" [_thread_blocked, id=18440, stack(0x00000063e3c00000,0x00000063e3d00000)]
  0x000002505f811000 JavaThread "jar transforms Thread 5" [_thread_blocked, id=42572, stack(0x00000063e3d00000,0x00000063e3e00000)]
  0x000002505f80b000 JavaThread "jar transforms Thread 6" [_thread_blocked, id=22188, stack(0x00000063e3e00000,0x00000063e3f00000)]
  0x000002505f79f000 JavaThread "jar transforms Thread 7" [_thread_blocked, id=28008, stack(0x00000063e3f00000,0x00000063e4000000)]
  0x000002505f79b000 JavaThread "jar transforms Thread 8" [_thread_blocked, id=29636, stack(0x00000063e4000000,0x00000063e4100000)]
  0x000002505de17000 JavaThread "C2 CompilerThread2" daemon [_thread_in_native, id=20876, stack(0x00000063ddf00000,0x00000063de000000)]
  0x000002505f7a0000 JavaThread "Memory manager" [_thread_blocked, id=22568, stack(0x00000063e4200000,0x00000063e4300000)]

Other Threads:
  0x000002505a37d800 VMThread "VM Thread" [stack: 0x00000063dbd00000,0x00000063dbe00000] [id=11128]
  0x000002505a562000 WatcherThread [stack: 0x00000063dc700000,0x00000063dc800000] [id=36128]
  0x000002503d703000 GCTaskThread "GC Thread#0" [stack: 0x00000063db800000,0x00000063db900000] [id=24432]
  0x000002505b6cd800 GCTaskThread "GC Thread#1" [stack: 0x00000063dca00000,0x00000063dcb00000] [id=39460]
  0x000002505b709800 GCTaskThread "GC Thread#2" [stack: 0x00000063dcb00000,0x00000063dcc00000] [id=29936]
  0x000002505b35c800 GCTaskThread "GC Thread#3" [stack: 0x00000063dcc00000,0x00000063dcd00000] [id=36932]
  0x000002505b0c9800 GCTaskThread "GC Thread#4" [stack: 0x00000063dcd00000,0x00000063dce00000] [id=35388]
  0x000002505a93b000 GCTaskThread "GC Thread#5" [stack: 0x00000063dce00000,0x00000063dcf00000] [id=36208]
  0x000002505cbf9000 GCTaskThread "GC Thread#6" [stack: 0x00000063dd700000,0x00000063dd800000] [id=32776]
  0x000002505c64b800 GCTaskThread "GC Thread#7" [stack: 0x00000063dd800000,0x00000063dd900000] [id=6252]
  0x000002503d736800 ConcurrentGCThread "G1 Main Marker" [stack: 0x00000063db900000,0x00000063dba00000] [id=29944]
  0x000002503d739000 ConcurrentGCThread "G1 Conc#0" [stack: 0x00000063dba00000,0x00000063dbb00000] [id=636]
  0x000002505bba9800 ConcurrentGCThread "G1 Conc#1" [stack: 0x00000063ddc00000,0x00000063ddd00000] [id=31204]
  0x000002503d7ce800 ConcurrentGCThread "G1 Refine#0" [stack: 0x00000063dbb00000,0x00000063dbc00000] [id=33736]
  0x000002505fa32000 ConcurrentGCThread "G1 Refine#1" [stack: 0x00000063e4100000,0x00000063e4200000] [id=29112]
  0x00000250599cc800 ConcurrentGCThread "G1 Young RemSet Sampling" [stack: 0x00000063dbc00000,0x00000063dbd00000] [id=23440]

Threads with active compile tasks:
C2 CompilerThread0   9647 6812   !   4       java.net.URLClassLoader$1::run (63 bytes)
C1 CompilerThread0   9647 6817       3       java.util.Spliterators::checkFromToBounds (74 bytes)
C2 CompilerThread1   9647 6653       4       java.net.URLClassLoader$1::run (5 bytes)
C2 CompilerThread2   9648 6814       4       groovy.lang.MetaClassImpl$1::methodNameAction (169 bytes)

VM state:not at safepoint (normal execution)

VM Mutex/Monitor currently owned by a thread: None

Heap address: 0x0000000080000000, size: 2048 MB, Compressed Oops mode: 32-bit
Narrow klass base: 0x0000000000000000, Narrow klass shift: 3
Compressed class space size: 1073741824 Address: 0x0000000100000000

Heap:
 garbage-first heap   total 258048K, used 144487K [0x0000000080000000, 0x0000000100000000)
  region size 1024K, 95 young (97280K), 4 survivors (4096K)
 Metaspace       used 67626K, capacity 69240K, committed 69292K, reserved 1110016K
  class space    used 8603K, capacity 9202K, committed 9216K, reserved 1048576K
Heap Regions: E=young(eden), S=young(survivor), O=old, HS=humongous(starts), HC=humongous(continues), CS=collection set, F=free, A=archive, TAMS=top-at-mark-start (previous, next)
|   0|0x0000000080000000, 0x0000000080100000, 0x0000000080100000|100%| O|  |TAMS 0x0000000080100000, 0x0000000080000000| Untracked 
|   1|0x0000000080100000, 0x0000000080200000, 0x0000000080200000|100%| O|  |TAMS 0x0000000080200000, 0x0000000080100000| Untracked 
|   2|0x0000000080200000, 0x0000000080300000, 0x0000000080300000|100%| O|  |TAMS 0x0000000080300000, 0x0000000080200000| Untracked 
|   3|0x0000000080300000, 0x0000000080400000, 0x0000000080400000|100%|HS|  |TAMS 0x0000000080400000, 0x0000000080300000| Complete 
|   4|0x0000000080400000, 0x0000000080500000, 0x0000000080500000|100%|HC|  |TAMS 0x0000000080500000, 0x0000000080400000| Complete 
|   5|0x0000000080500000, 0x0000000080600000, 0x0000000080600000|100%|HC|  |TAMS 0x0000000080600000, 0x0000000080500000| Complete 
|   6|0x0000000080600000, 0x0000000080700000, 0x0000000080700000|100%| O|  |TAMS 0x0000000080700000, 0x0000000080600000| Untracked 
|   7|0x0000000080700000, 0x0000000080800000, 0x0000000080800000|100%| O|  |TAMS 0x0000000080800000, 0x0000000080700000| Untracked 
|   8|0x0000000080800000, 0x0000000080900000, 0x0000000080900000|100%| O|  |TAMS 0x0000000080900000, 0x0000000080800000| Untracked 
|   9|0x0000000080900000, 0x0000000080a00000, 0x0000000080a00000|100%| O|  |TAMS 0x0000000080a00000, 0x0000000080900000| Untracked 
|  10|0x0000000080a00000, 0x0000000080b00000, 0x0000000080b00000|100%| O|  |TAMS 0x0000000080b00000, 0x0000000080a00000| Untracked 
|  11|0x0000000080b00000, 0x0000000080c00000, 0x0000000080c00000|100%| O|  |TAMS 0x0000000080c00000, 0x0000000080b00000| Untracked 
|  12|0x0000000080c00000, 0x0000000080d00000, 0x0000000080d00000|100%| O|  |TAMS 0x0000000080d00000, 0x0000000080c00000| Untracked 
|  13|0x0000000080d00000, 0x0000000080e00000, 0x0000000080e00000|100%| O|  |TAMS 0x0000000080e00000, 0x0000000080d00000| Untracked 
|  14|0x0000000080e00000, 0x0000000080f00000, 0x0000000080f00000|100%| O|  |TAMS 0x0000000080f00000, 0x0000000080e00000| Untracked 
|  15|0x0000000080f00000, 0x0000000081000000, 0x0000000081000000|100%| O|  |TAMS 0x0000000081000000, 0x0000000080f00000| Untracked 
|  16|0x0000000081000000, 0x0000000081100000, 0x0000000081100000|100%| O|  |TAMS 0x0000000081100000, 0x0000000081000000| Untracked 
|  17|0x0000000081100000, 0x0000000081200000, 0x0000000081200000|100%|HS|  |TAMS 0x0000000081200000, 0x0000000081100000| Complete 
|  18|0x0000000081200000, 0x0000000081300000, 0x0000000081300000|100%|HS|  |TAMS 0x0000000081300000, 0x0000000081200000| Complete 
|  19|0x0000000081300000, 0x0000000081400000, 0x0000000081400000|100%|HS|  |TAMS 0x0000000081400000, 0x0000000081300000| Complete 
|  20|0x0000000081400000, 0x0000000081500000, 0x0000000081500000|100%|HS|  |TAMS 0x0000000081500000, 0x0000000081400000| Complete 
|  21|0x0000000081500000, 0x0000000081600000, 0x0000000081600000|100%|HC|  |TAMS 0x0000000081600000, 0x0000000081500000| Complete 
|  22|0x0000000081600000, 0x0000000081700000, 0x0000000081700000|100%|HC|  |TAMS 0x0000000081700000, 0x0000000081600000| Complete 
|  23|0x0000000081700000, 0x0000000081800000, 0x0000000081800000|100%|HS|  |TAMS 0x0000000081800000, 0x0000000081700000| Complete 
|  24|0x0000000081800000, 0x0000000081900000, 0x0000000081900000|100%|HC|  |TAMS 0x0000000081900000, 0x0000000081800000| Complete 
|  25|0x0000000081900000, 0x0000000081a00000, 0x0000000081a00000|100%| O|  |TAMS 0x0000000081a00000, 0x0000000081900000| Untracked 
|  26|0x0000000081a00000, 0x0000000081b00000, 0x0000000081b00000|100%| O|  |TAMS 0x0000000081b00000, 0x0000000081a00000| Untracked 
|  27|0x0000000081b00000, 0x0000000081c00000, 0x0000000081c00000|100%| O|  |TAMS 0x0000000081c00000, 0x0000000081b00000| Untracked 
|  28|0x0000000081c00000, 0x0000000081d00000, 0x0000000081d00000|100%| O|  |TAMS 0x0000000081d00000, 0x0000000081c00000| Untracked 
|  29|0x0000000081d00000, 0x0000000081e00000, 0x0000000081e00000|100%| O|  |TAMS 0x0000000081e00000, 0x0000000081d00000| Untracked 
|  30|0x0000000081e00000, 0x0000000081f00000, 0x0000000081f00000|100%| O|  |TAMS 0x0000000081f00000, 0x0000000081e00000| Untracked 
|  31|0x0000000081f00000, 0x0000000082000000, 0x0000000082000000|100%| O|  |TAMS 0x0000000082000000, 0x0000000081f00000| Untracked 
|  32|0x0000000082000000, 0x0000000082100000, 0x0000000082100000|100%| O|  |TAMS 0x0000000082100000, 0x0000000082000000| Untracked 
|  33|0x0000000082100000, 0x0000000082200000, 0x0000000082200000|100%| O|  |TAMS 0x0000000082200000, 0x0000000082100000| Untracked 
|  34|0x0000000082200000, 0x0000000082300000, 0x0000000082300000|100%| O|  |TAMS 0x0000000082300000, 0x0000000082200000| Untracked 
|  35|0x0000000082300000, 0x0000000082400000, 0x0000000082400000|100%| O|  |TAMS 0x0000000082400000, 0x0000000082300000| Untracked 
|  36|0x0000000082400000, 0x0000000082500000, 0x0000000082500000|100%| O|  |TAMS 0x0000000082500000, 0x0000000082400000| Untracked 
|  37|0x0000000082500000, 0x0000000082600000, 0x0000000082600000|100%| O|  |TAMS 0x0000000082600000, 0x0000000082500000| Untracked 
|  38|0x0000000082600000, 0x0000000082700000, 0x0000000082700000|100%| O|  |TAMS 0x0000000082700000, 0x0000000082600000| Untracked 
|  39|0x0000000082700000, 0x0000000082800000, 0x0000000082800000|100%| O|  |TAMS 0x0000000082800000, 0x0000000082700000| Untracked 
|  40|0x0000000082800000, 0x0000000082900000, 0x0000000082900000|100%| O|  |TAMS 0x0000000082900000, 0x0000000082800000| Untracked 
|  41|0x0000000082900000, 0x0000000082a00000, 0x0000000082a00000|100%| O|  |TAMS 0x0000000082a00000, 0x0000000082900000| Untracked 
|  42|0x0000000082a00000, 0x0000000082b00000, 0x0000000082b00000|100%| O|  |TAMS 0x0000000082b00000, 0x0000000082a00000| Untracked 
|  43|0x0000000082b00000, 0x0000000082c00000, 0x0000000082c00000|100%| O|  |TAMS 0x0000000082c00000, 0x0000000082b00000| Untracked 
|  44|0x0000000082c00000, 0x0000000082d00000, 0x0000000082d00000|100%| O|  |TAMS 0x0000000082d00000, 0x0000000082c00000| Untracked 
|  45|0x0000000082d00000, 0x0000000082e00000, 0x0000000082e00000|100%| O|  |TAMS 0x0000000082e00000, 0x0000000082d00000| Untracked 
|  46|0x0000000082e00000, 0x0000000082f00000, 0x0000000082f00000|100%| O|  |TAMS 0x0000000082f00000, 0x0000000082e00000| Untracked 
|  47|0x0000000082f00000, 0x0000000082fcd600, 0x0000000083000000| 80%| O|  |TAMS 0x0000000082fcd600, 0x0000000082f00000| Untracked 
|  48|0x0000000083000000, 0x0000000083100000, 0x0000000083100000|100%|HS|  |TAMS 0x0000000083000000, 0x0000000083000000| Complete 
|  49|0x0000000083100000, 0x0000000083100000, 0x0000000083200000|  0%| F|  |TAMS 0x0000000083100000, 0x0000000083100000| Untracked 
|  50|0x0000000083200000, 0x0000000083200000, 0x0000000083300000|  0%| F|  |TAMS 0x0000000083200000, 0x0000000083200000| Untracked 
|  51|0x0000000083300000, 0x0000000083300000, 0x0000000083400000|  0%| F|  |TAMS 0x0000000083300000, 0x0000000083300000| Untracked 
|  52|0x0000000083400000, 0x0000000083400000, 0x0000000083500000|  0%| F|  |TAMS 0x0000000083400000, 0x0000000083400000| Untracked 
|  53|0x0000000083500000, 0x0000000083500000, 0x0000000083600000|  0%| F|  |TAMS 0x0000000083500000, 0x0000000083500000| Untracked 
|  54|0x0000000083600000, 0x0000000083600000, 0x0000000083700000|  0%| F|  |TAMS 0x0000000083600000, 0x0000000083600000| Untracked 
|  55|0x0000000083700000, 0x0000000083700000, 0x0000000083800000|  0%| F|  |TAMS 0x0000000083700000, 0x0000000083700000| Untracked 
|  56|0x0000000083800000, 0x0000000083800000, 0x0000000083900000|  0%| F|  |TAMS 0x0000000083800000, 0x0000000083800000| Untracked 
|  57|0x0000000083900000, 0x0000000083900000, 0x0000000083a00000|  0%| F|  |TAMS 0x0000000083900000, 0x0000000083900000| Untracked 
|  58|0x0000000083a00000, 0x0000000083a00000, 0x0000000083b00000|  0%| F|  |TAMS 0x0000000083a00000, 0x0000000083a00000| Untracked 
|  59|0x0000000083b00000, 0x0000000083b00000, 0x0000000083c00000|  0%| F|  |TAMS 0x0000000083b00000, 0x0000000083b00000| Untracked 
|  60|0x0000000083c00000, 0x0000000083c00000, 0x0000000083d00000|  0%| F|  |TAMS 0x0000000083c00000, 0x0000000083c00000| Untracked 
|  61|0x0000000083d00000, 0x0000000083d00000, 0x0000000083e00000|  0%| F|  |TAMS 0x0000000083d00000, 0x0000000083d00000| Untracked 
|  62|0x0000000083e00000, 0x0000000083e00000, 0x0000000083f00000|  0%| F|  |TAMS 0x0000000083e00000, 0x0000000083e00000| Untracked 
|  63|0x0000000083f00000, 0x0000000083f00000, 0x0000000084000000|  0%| F|  |TAMS 0x0000000083f00000, 0x0000000083f00000| Untracked 
|  64|0x0000000084000000, 0x0000000084000000, 0x0000000084100000|  0%| F|  |TAMS 0x0000000084000000, 0x0000000084000000| Untracked 
|  65|0x0000000084100000, 0x0000000084100000, 0x0000000084200000|  0%| F|  |TAMS 0x0000000084100000, 0x0000000084100000| Untracked 
|  66|0x0000000084200000, 0x0000000084200000, 0x0000000084300000|  0%| F|  |TAMS 0x0000000084200000, 0x0000000084200000| Untracked 
|  67|0x0000000084300000, 0x0000000084300000, 0x0000000084400000|  0%| F|  |TAMS 0x0000000084300000, 0x0000000084300000| Untracked 
|  68|0x0000000084400000, 0x0000000084400000, 0x0000000084500000|  0%| F|  |TAMS 0x0000000084400000, 0x0000000084400000| Untracked 
|  69|0x0000000084500000, 0x0000000084500000, 0x0000000084600000|  0%| F|  |TAMS 0x0000000084500000, 0x0000000084500000| Untracked 
|  70|0x0000000084600000, 0x0000000084600000, 0x0000000084700000|  0%| F|  |TAMS 0x0000000084600000, 0x0000000084600000| Untracked 
|  71|0x0000000084700000, 0x0000000084700000, 0x0000000084800000|  0%| F|  |TAMS 0x0000000084700000, 0x0000000084700000| Untracked 
|  72|0x0000000084800000, 0x0000000084800000, 0x0000000084900000|  0%| F|  |TAMS 0x0000000084800000, 0x0000000084800000| Untracked 
|  73|0x0000000084900000, 0x0000000084900000, 0x0000000084a00000|  0%| F|  |TAMS 0x0000000084900000, 0x0000000084900000| Untracked 
|  74|0x0000000084a00000, 0x0000000084a00000, 0x0000000084b00000|  0%| F|  |TAMS 0x0000000084a00000, 0x0000000084a00000| Untracked 
|  75|0x0000000084b00000, 0x0000000084b00000, 0x0000000084c00000|  0%| F|  |TAMS 0x0000000084b00000, 0x0000000084b00000| Untracked 
|  76|0x0000000084c00000, 0x0000000084c00000, 0x0000000084d00000|  0%| F|  |TAMS 0x0000000084c00000, 0x0000000084c00000| Untracked 
|  77|0x0000000084d00000, 0x0000000084d00000, 0x0000000084e00000|  0%| F|  |TAMS 0x0000000084d00000, 0x0000000084d00000| Untracked 
|  78|0x0000000084e00000, 0x0000000084e00000, 0x0000000084f00000|  0%| F|  |TAMS 0x0000000084e00000, 0x0000000084e00000| Untracked 
|  79|0x0000000084f00000, 0x0000000084f00000, 0x0000000085000000|  0%| F|  |TAMS 0x0000000084f00000, 0x0000000084f00000| Untracked 
|  80|0x0000000085000000, 0x0000000085000000, 0x0000000085100000|  0%| F|  |TAMS 0x0000000085000000, 0x0000000085000000| Untracked 
|  81|0x0000000085100000, 0x0000000085100000, 0x0000000085200000|  0%| F|  |TAMS 0x0000000085100000, 0x0000000085100000| Untracked 
|  82|0x0000000085200000, 0x0000000085200000, 0x0000000085300000|  0%| F|  |TAMS 0x0000000085200000, 0x0000000085200000| Untracked 
|  83|0x0000000085300000, 0x0000000085300000, 0x0000000085400000|  0%| F|  |TAMS 0x0000000085300000, 0x0000000085300000| Untracked 
|  84|0x0000000085400000, 0x0000000085400000, 0x0000000085500000|  0%| F|  |TAMS 0x0000000085400000, 0x0000000085400000| Untracked 
|  85|0x0000000085500000, 0x0000000085500000, 0x0000000085600000|  0%| F|  |TAMS 0x0000000085500000, 0x0000000085500000| Untracked 
|  86|0x0000000085600000, 0x0000000085600000, 0x0000000085700000|  0%| F|  |TAMS 0x0000000085600000, 0x0000000085600000| Untracked 
|  87|0x0000000085700000, 0x0000000085700000, 0x0000000085800000|  0%| F|  |TAMS 0x0000000085700000, 0x0000000085700000| Untracked 
|  88|0x0000000085800000, 0x0000000085800000, 0x0000000085900000|  0%| F|  |TAMS 0x0000000085800000, 0x0000000085800000| Untracked 
|  89|0x0000000085900000, 0x0000000085900000, 0x0000000085a00000|  0%| F|  |TAMS 0x0000000085900000, 0x0000000085900000| Untracked 
|  90|0x0000000085a00000, 0x0000000085a00000, 0x0000000085b00000|  0%| F|  |TAMS 0x0000000085a00000, 0x0000000085a00000| Untracked 
|  91|0x0000000085b00000, 0x0000000085b00000, 0x0000000085c00000|  0%| F|  |TAMS 0x0000000085b00000, 0x0000000085b00000| Untracked 
|  92|0x0000000085c00000, 0x0000000085c00000, 0x0000000085d00000|  0%| F|  |TAMS 0x0000000085c00000, 0x0000000085c00000| Untracked 
|  93|0x0000000085d00000, 0x0000000085d00000, 0x0000000085e00000|  0%| F|  |TAMS 0x0000000085d00000, 0x0000000085d00000| Untracked 
|  94|0x0000000085e00000, 0x0000000085e00000, 0x0000000085f00000|  0%| F|  |TAMS 0x0000000085e00000, 0x0000000085e00000| Untracked 
|  95|0x0000000085f00000, 0x0000000085f00000, 0x0000000086000000|  0%| F|  |TAMS 0x0000000085f00000, 0x0000000085f00000| Untracked 
|  96|0x0000000086000000, 0x0000000086000000, 0x0000000086100000|  0%| F|  |TAMS 0x0000000086000000, 0x0000000086000000| Untracked 
|  97|0x0000000086100000, 0x0000000086100000, 0x0000000086200000|  0%| F|  |TAMS 0x0000000086100000, 0x0000000086100000| Untracked 
|  98|0x0000000086200000, 0x0000000086200000, 0x0000000086300000|  0%| F|  |TAMS 0x0000000086200000, 0x0000000086200000| Untracked 
|  99|0x0000000086300000, 0x0000000086300000, 0x0000000086400000|  0%| F|  |TAMS 0x0000000086300000, 0x0000000086300000| Untracked 
| 100|0x0000000086400000, 0x0000000086400000, 0x0000000086500000|  0%| F|  |TAMS 0x0000000086400000, 0x0000000086400000| Untracked 
| 101|0x0000000086500000, 0x0000000086500000, 0x0000000086600000|  0%| F|  |TAMS 0x0000000086500000, 0x0000000086500000| Untracked 
| 102|0x0000000086600000, 0x0000000086600000, 0x0000000086700000|  0%| F|  |TAMS 0x0000000086600000, 0x0000000086600000| Untracked 
| 103|0x0000000086700000, 0x0000000086700000, 0x0000000086800000|  0%| F|  |TAMS 0x0000000086700000, 0x0000000086700000| Untracked 
| 104|0x0000000086800000, 0x0000000086800000, 0x0000000086900000|  0%| F|  |TAMS 0x0000000086800000, 0x0000000086800000| Untracked 
| 105|0x0000000086900000, 0x0000000086900000, 0x0000000086a00000|  0%| F|  |TAMS 0x0000000086900000, 0x0000000086900000| Untracked 
| 106|0x0000000086a00000, 0x0000000086a00000, 0x0000000086b00000|  0%| F|  |TAMS 0x0000000086a00000, 0x0000000086a00000| Untracked 
| 107|0x0000000086b00000, 0x0000000086b00000, 0x0000000086c00000|  0%| F|  |TAMS 0x0000000086b00000, 0x0000000086b00000| Untracked 
| 108|0x0000000086c00000, 0x0000000086c00000, 0x0000000086d00000|  0%| F|  |TAMS 0x0000000086c00000, 0x0000000086c00000| Untracked 
| 109|0x0000000086d00000, 0x0000000086d00000, 0x0000000086e00000|  0%| F|  |TAMS 0x0000000086d00000, 0x0000000086d00000| Untracked 
| 110|0x0000000086e00000, 0x0000000086e00000, 0x0000000086f00000|  0%| F|  |TAMS 0x0000000086e00000, 0x0000000086e00000| Untracked 
| 111|0x0000000086f00000, 0x0000000086f00000, 0x0000000087000000|  0%| F|  |TAMS 0x0000000086f00000, 0x0000000086f00000| Untracked 
| 112|0x0000000087000000, 0x0000000087000000, 0x0000000087100000|  0%| F|  |TAMS 0x0000000087000000, 0x0000000087000000| Untracked 
| 113|0x0000000087100000, 0x0000000087100000, 0x0000000087200000|  0%| F|  |TAMS 0x0000000087100000, 0x0000000087100000| Untracked 
| 114|0x0000000087200000, 0x0000000087200000, 0x0000000087300000|  0%| F|  |TAMS 0x0000000087200000, 0x0000000087200000| Untracked 
| 115|0x0000000087300000, 0x0000000087300000, 0x0000000087400000|  0%| F|  |TAMS 0x0000000087300000, 0x0000000087300000| Untracked 
| 116|0x0000000087400000, 0x0000000087400000, 0x0000000087500000|  0%| F|  |TAMS 0x0000000087400000, 0x0000000087400000| Untracked 
| 117|0x0000000087500000, 0x0000000087500000, 0x0000000087600000|  0%| F|  |TAMS 0x0000000087500000, 0x0000000087500000| Untracked 
| 118|0x0000000087600000, 0x0000000087600000, 0x0000000087700000|  0%| F|  |TAMS 0x0000000087600000, 0x0000000087600000| Untracked 
| 119|0x0000000087700000, 0x0000000087700000, 0x0000000087800000|  0%| F|  |TAMS 0x0000000087700000, 0x0000000087700000| Untracked 
| 120|0x0000000087800000, 0x0000000087800000, 0x0000000087900000|  0%| F|  |TAMS 0x0000000087800000, 0x0000000087800000| Untracked 
| 121|0x0000000087900000, 0x0000000087900000, 0x0000000087a00000|  0%| F|  |TAMS 0x0000000087900000, 0x0000000087900000| Untracked 
| 122|0x0000000087a00000, 0x0000000087a00000, 0x0000000087b00000|  0%| F|  |TAMS 0x0000000087a00000, 0x0000000087a00000| Untracked 
| 123|0x0000000087b00000, 0x0000000087b00000, 0x0000000087c00000|  0%| F|  |TAMS 0x0000000087b00000, 0x0000000087b00000| Untracked 
| 124|0x0000000087c00000, 0x0000000087c00000, 0x0000000087d00000|  0%| F|  |TAMS 0x0000000087c00000, 0x0000000087c00000| Untracked 
| 125|0x0000000087d00000, 0x0000000087d00000, 0x0000000087e00000|  0%| F|  |TAMS 0x0000000087d00000, 0x0000000087d00000| Untracked 
| 126|0x0000000087e00000, 0x0000000087e00000, 0x0000000087f00000|  0%| F|  |TAMS 0x0000000087e00000, 0x0000000087e00000| Untracked 
| 127|0x0000000087f00000, 0x0000000087f00000, 0x0000000088000000|  0%| F|  |TAMS 0x0000000087f00000, 0x0000000087f00000| Untracked 
| 128|0x0000000088000000, 0x0000000088000000, 0x0000000088100000|  0%| F|  |TAMS 0x0000000088000000, 0x0000000088000000| Untracked 
| 129|0x0000000088100000, 0x0000000088100000, 0x0000000088200000|  0%| F|  |TAMS 0x0000000088100000, 0x0000000088100000| Untracked 
| 130|0x0000000088200000, 0x0000000088200000, 0x0000000088300000|  0%| F|  |TAMS 0x0000000088200000, 0x0000000088200000| Untracked 
| 131|0x0000000088300000, 0x0000000088300000, 0x0000000088400000|  0%| F|  |TAMS 0x0000000088300000, 0x0000000088300000| Untracked 
| 132|0x0000000088400000, 0x0000000088400000, 0x0000000088500000|  0%| F|  |TAMS 0x0000000088400000, 0x0000000088400000| Untracked 
| 133|0x0000000088500000, 0x0000000088500000, 0x0000000088600000|  0%| F|  |TAMS 0x0000000088500000, 0x0000000088500000| Untracked 
| 134|0x0000000088600000, 0x0000000088600000, 0x0000000088700000|  0%| F|  |TAMS 0x0000000088600000, 0x0000000088600000| Untracked 
| 135|0x0000000088700000, 0x0000000088700000, 0x0000000088800000|  0%| F|  |TAMS 0x0000000088700000, 0x0000000088700000| Untracked 
| 136|0x0000000088800000, 0x0000000088800000, 0x0000000088900000|  0%| F|  |TAMS 0x0000000088800000, 0x0000000088800000| Untracked 
| 137|0x0000000088900000, 0x0000000088900000, 0x0000000088a00000|  0%| F|  |TAMS 0x0000000088900000, 0x0000000088900000| Untracked 
| 138|0x0000000088a00000, 0x0000000088a00000, 0x0000000088b00000|  0%| F|  |TAMS 0x0000000088a00000, 0x0000000088a00000| Untracked 
| 139|0x0000000088b00000, 0x0000000088b00000, 0x0000000088c00000|  0%| F|  |TAMS 0x0000000088b00000, 0x0000000088b00000| Untracked 
| 140|0x0000000088c00000, 0x0000000088c00000, 0x0000000088d00000|  0%| F|  |TAMS 0x0000000088c00000, 0x0000000088c00000| Untracked 
| 141|0x0000000088d00000, 0x0000000088d00000, 0x0000000088e00000|  0%| F|  |TAMS 0x0000000088d00000, 0x0000000088d00000| Untracked 
| 142|0x0000000088e00000, 0x0000000088e00000, 0x0000000088f00000|  0%| F|  |TAMS 0x0000000088e00000, 0x0000000088e00000| Untracked 
| 143|0x0000000088f00000, 0x0000000088f00000, 0x0000000089000000|  0%| F|  |TAMS 0x0000000088f00000, 0x0000000088f00000| Untracked 
| 144|0x0000000089000000, 0x0000000089000000, 0x0000000089100000|  0%| F|  |TAMS 0x0000000089000000, 0x0000000089000000| Untracked 
| 145|0x0000000089100000, 0x0000000089100000, 0x0000000089200000|  0%| F|  |TAMS 0x0000000089100000, 0x0000000089100000| Untracked 
| 146|0x0000000089200000, 0x0000000089200000, 0x0000000089300000|  0%| F|  |TAMS 0x0000000089200000, 0x0000000089200000| Untracked 
| 147|0x0000000089300000, 0x0000000089300000, 0x0000000089400000|  0%| F|  |TAMS 0x0000000089300000, 0x0000000089300000| Untracked 
| 148|0x0000000089400000, 0x0000000089400000, 0x0000000089500000|  0%| F|  |TAMS 0x0000000089400000, 0x0000000089400000| Untracked 
| 149|0x0000000089500000, 0x0000000089500000, 0x0000000089600000|  0%| F|  |TAMS 0x0000000089500000, 0x0000000089500000| Untracked 
| 150|0x0000000089600000, 0x0000000089600000, 0x0000000089700000|  0%| F|  |TAMS 0x0000000089600000, 0x0000000089600000| Untracked 
| 151|0x0000000089700000, 0x0000000089700000, 0x0000000089800000|  0%| F|  |TAMS 0x0000000089700000, 0x0000000089700000| Untracked 
| 152|0x0000000089800000, 0x0000000089800000, 0x0000000089900000|  0%| F|  |TAMS 0x0000000089800000, 0x0000000089800000| Untracked 
| 153|0x0000000089900000, 0x0000000089900000, 0x0000000089a00000|  0%| F|  |TAMS 0x0000000089900000, 0x0000000089900000| Untracked 
| 154|0x0000000089a00000, 0x0000000089a00000, 0x0000000089b00000|  0%| F|  |TAMS 0x0000000089a00000, 0x0000000089a00000| Untracked 
| 155|0x0000000089b00000, 0x0000000089b00000, 0x0000000089c00000|  0%| F|  |TAMS 0x0000000089b00000, 0x0000000089b00000| Untracked 
| 156|0x0000000089c00000, 0x0000000089c80800, 0x0000000089d00000| 50%| E|  |TAMS 0x0000000089c00000, 0x0000000089c00000| Complete 
| 157|0x0000000089d00000, 0x0000000089e00000, 0x0000000089e00000|100%| E|CS|TAMS 0x0000000089d00000, 0x0000000089d00000| Complete 
| 158|0x0000000089e00000, 0x0000000089f00000, 0x0000000089f00000|100%| E|CS|TAMS 0x0000000089e00000, 0x0000000089e00000| Complete 
| 159|0x0000000089f00000, 0x000000008a000000, 0x000000008a000000|100%| E|CS|TAMS 0x0000000089f00000, 0x0000000089f00000| Complete 
| 160|0x000000008a000000, 0x000000008a100000, 0x000000008a100000|100%| E|CS|TAMS 0x000000008a000000, 0x000000008a000000| Complete 
| 161|0x000000008a100000, 0x000000008a200000, 0x000000008a200000|100%| E|CS|TAMS 0x000000008a100000, 0x000000008a100000| Complete 
| 162|0x000000008a200000, 0x000000008a300000, 0x000000008a300000|100%| E|CS|TAMS 0x000000008a200000, 0x000000008a200000| Complete 
| 163|0x000000008a300000, 0x000000008a400000, 0x000000008a400000|100%| E|CS|TAMS 0x000000008a300000, 0x000000008a300000| Complete 
| 164|0x000000008a400000, 0x000000008a500000, 0x000000008a500000|100%| E|CS|TAMS 0x000000008a400000, 0x000000008a400000| Complete 
| 165|0x000000008a500000, 0x000000008a600000, 0x000000008a600000|100%| E|CS|TAMS 0x000000008a500000, 0x000000008a500000| Complete 
| 166|0x000000008a600000, 0x000000008a700000, 0x000000008a700000|100%| E|CS|TAMS 0x000000008a600000, 0x000000008a600000| Complete 
| 167|0x000000008a700000, 0x000000008a800000, 0x000000008a800000|100%| E|CS|TAMS 0x000000008a700000, 0x000000008a700000| Complete 
| 168|0x000000008a800000, 0x000000008a900000, 0x000000008a900000|100%| E|CS|TAMS 0x000000008a800000, 0x000000008a800000| Complete 
| 169|0x000000008a900000, 0x000000008aa00000, 0x000000008aa00000|100%| E|CS|TAMS 0x000000008a900000, 0x000000008a900000| Complete 
| 170|0x000000008aa00000, 0x000000008ab00000, 0x000000008ab00000|100%| E|CS|TAMS 0x000000008aa00000, 0x000000008aa00000| Complete 
| 171|0x000000008ab00000, 0x000000008ac00000, 0x000000008ac00000|100%| E|CS|TAMS 0x000000008ab00000, 0x000000008ab00000| Complete 
| 172|0x000000008ac00000, 0x000000008ad00000, 0x000000008ad00000|100%| E|CS|TAMS 0x000000008ac00000, 0x000000008ac00000| Complete 
| 173|0x000000008ad00000, 0x000000008ae00000, 0x000000008ae00000|100%| E|CS|TAMS 0x000000008ad00000, 0x000000008ad00000| Complete 
| 174|0x000000008ae00000, 0x000000008af00000, 0x000000008af00000|100%| E|CS|TAMS 0x000000008ae00000, 0x000000008ae00000| Complete 
| 175|0x000000008af00000, 0x000000008b000000, 0x000000008b000000|100%| E|CS|TAMS 0x000000008af00000, 0x000000008af00000| Complete 
| 176|0x000000008b000000, 0x000000008b100000, 0x000000008b100000|100%| E|CS|TAMS 0x000000008b000000, 0x000000008b000000| Complete 
| 177|0x000000008b100000, 0x000000008b200000, 0x000000008b200000|100%| E|CS|TAMS 0x000000008b100000, 0x000000008b100000| Complete 
| 178|0x000000008b200000, 0x000000008b300000, 0x000000008b300000|100%| E|CS|TAMS 0x000000008b200000, 0x000000008b200000| Complete 
| 179|0x000000008b300000, 0x000000008b400000, 0x000000008b400000|100%| E|CS|TAMS 0x000000008b300000, 0x000000008b300000| Complete 
| 180|0x000000008b400000, 0x000000008b500000, 0x000000008b500000|100%| E|CS|TAMS 0x000000008b400000, 0x000000008b400000| Complete 
| 181|0x000000008b500000, 0x000000008b600000, 0x000000008b600000|100%| E|CS|TAMS 0x000000008b500000, 0x000000008b500000| Complete 
| 182|0x000000008b600000, 0x000000008b700000, 0x000000008b700000|100%| E|CS|TAMS 0x000000008b600000, 0x000000008b600000| Complete 
| 183|0x000000008b700000, 0x000000008b800000, 0x000000008b800000|100%| E|CS|TAMS 0x000000008b700000, 0x000000008b700000| Complete 
| 184|0x000000008b800000, 0x000000008b900000, 0x000000008b900000|100%| E|CS|TAMS 0x000000008b800000, 0x000000008b800000| Complete 
| 185|0x000000008b900000, 0x000000008b94c6e0, 0x000000008ba00000| 29%| S|CS|TAMS 0x000000008b900000, 0x000000008b900000| Complete 
| 186|0x000000008ba00000, 0x000000008bb00000, 0x000000008bb00000|100%| S|CS|TAMS 0x000000008ba00000, 0x000000008ba00000| Complete 
| 187|0x000000008bb00000, 0x000000008bc00000, 0x000000008bc00000|100%| S|CS|TAMS 0x000000008bb00000, 0x000000008bb00000| Complete 
| 188|0x000000008bc00000, 0x000000008bd00000, 0x000000008bd00000|100%| S|CS|TAMS 0x000000008bc00000, 0x000000008bc00000| Complete 
| 189|0x000000008bd00000, 0x000000008be00000, 0x000000008be00000|100%| E|CS|TAMS 0x000000008bd00000, 0x000000008bd00000| Complete 
| 190|0x000000008be00000, 0x000000008bf00000, 0x000000008bf00000|100%| E|CS|TAMS 0x000000008be00000, 0x000000008be00000| Complete 
| 191|0x000000008bf00000, 0x000000008c000000, 0x000000008c000000|100%| E|CS|TAMS 0x000000008bf00000, 0x000000008bf00000| Complete 
| 192|0x000000008c000000, 0x000000008c100000, 0x000000008c100000|100%| E|CS|TAMS 0x000000008c000000, 0x000000008c000000| Complete 
| 193|0x000000008c100000, 0x000000008c200000, 0x000000008c200000|100%| E|CS|TAMS 0x000000008c100000, 0x000000008c100000| Complete 
| 194|0x000000008c200000, 0x000000008c300000, 0x000000008c300000|100%| E|CS|TAMS 0x000000008c200000, 0x000000008c200000| Complete 
| 195|0x000000008c300000, 0x000000008c400000, 0x000000008c400000|100%| E|CS|TAMS 0x000000008c300000, 0x000000008c300000| Complete 
| 196|0x000000008c400000, 0x000000008c500000, 0x000000008c500000|100%| E|CS|TAMS 0x000000008c400000, 0x000000008c400000| Complete 
| 197|0x000000008c500000, 0x000000008c600000, 0x000000008c600000|100%| E|CS|TAMS 0x000000008c500000, 0x000000008c500000| Complete 
| 198|0x000000008c600000, 0x000000008c700000, 0x000000008c700000|100%| E|CS|TAMS 0x000000008c600000, 0x000000008c600000| Complete 
| 199|0x000000008c700000, 0x000000008c800000, 0x000000008c800000|100%| E|CS|TAMS 0x000000008c700000, 0x000000008c700000| Complete 
| 200|0x000000008c800000, 0x000000008c900000, 0x000000008c900000|100%| E|CS|TAMS 0x000000008c800000, 0x000000008c800000| Complete 
| 201|0x000000008c900000, 0x000000008ca00000, 0x000000008ca00000|100%| E|CS|TAMS 0x000000008c900000, 0x000000008c900000| Complete 
| 202|0x000000008ca00000, 0x000000008cb00000, 0x000000008cb00000|100%| E|CS|TAMS 0x000000008ca00000, 0x000000008ca00000| Complete 
| 203|0x000000008cb00000, 0x000000008cc00000, 0x000000008cc00000|100%| E|CS|TAMS 0x000000008cb00000, 0x000000008cb00000| Complete 
| 204|0x000000008cc00000, 0x000000008cd00000, 0x000000008cd00000|100%| E|CS|TAMS 0x000000008cc00000, 0x000000008cc00000| Complete 
| 205|0x000000008cd00000, 0x000000008ce00000, 0x000000008ce00000|100%| E|CS|TAMS 0x000000008cd00000, 0x000000008cd00000| Complete 
| 206|0x000000008ce00000, 0x000000008cf00000, 0x000000008cf00000|100%| E|CS|TAMS 0x000000008ce00000, 0x000000008ce00000| Complete 
| 207|0x000000008cf00000, 0x000000008d000000, 0x000000008d000000|100%| E|CS|TAMS 0x000000008cf00000, 0x000000008cf00000| Complete 
| 208|0x000000008d000000, 0x000000008d100000, 0x000000008d100000|100%| E|CS|TAMS 0x000000008d000000, 0x000000008d000000| Complete 
| 209|0x000000008d100000, 0x000000008d200000, 0x000000008d200000|100%| E|CS|TAMS 0x000000008d100000, 0x000000008d100000| Complete 
| 210|0x000000008d200000, 0x000000008d300000, 0x000000008d300000|100%| E|CS|TAMS 0x000000008d200000, 0x000000008d200000| Complete 
| 211|0x000000008d300000, 0x000000008d400000, 0x000000008d400000|100%| E|CS|TAMS 0x000000008d300000, 0x000000008d300000| Complete 
| 212|0x000000008d400000, 0x000000008d500000, 0x000000008d500000|100%| E|CS|TAMS 0x000000008d400000, 0x000000008d400000| Complete 
| 213|0x000000008d500000, 0x000000008d600000, 0x000000008d600000|100%| E|CS|TAMS 0x000000008d500000, 0x000000008d500000| Complete 
| 214|0x000000008d600000, 0x000000008d700000, 0x000000008d700000|100%| E|CS|TAMS 0x000000008d600000, 0x000000008d600000| Complete 
| 215|0x000000008d700000, 0x000000008d800000, 0x000000008d800000|100%| E|CS|TAMS 0x000000008d700000, 0x000000008d700000| Complete 
| 216|0x000000008d800000, 0x000000008d900000, 0x000000008d900000|100%| E|CS|TAMS 0x000000008d800000, 0x000000008d800000| Complete 
| 217|0x000000008d900000, 0x000000008da00000, 0x000000008da00000|100%| E|CS|TAMS 0x000000008d900000, 0x000000008d900000| Complete 
| 218|0x000000008da00000, 0x000000008db00000, 0x000000008db00000|100%| E|CS|TAMS 0x000000008da00000, 0x000000008da00000| Complete 
| 219|0x000000008db00000, 0x000000008dc00000, 0x000000008dc00000|100%| E|CS|TAMS 0x000000008db00000, 0x000000008db00000| Complete 
| 220|0x000000008dc00000, 0x000000008dd00000, 0x000000008dd00000|100%| E|CS|TAMS 0x000000008dc00000, 0x000000008dc00000| Complete 
| 221|0x000000008dd00000, 0x000000008de00000, 0x000000008de00000|100%| E|CS|TAMS 0x000000008dd00000, 0x000000008dd00000| Complete 
| 222|0x000000008de00000, 0x000000008df00000, 0x000000008df00000|100%| E|CS|TAMS 0x000000008de00000, 0x000000008de00000| Complete 
| 223|0x000000008df00000, 0x000000008e000000, 0x000000008e000000|100%| E|CS|TAMS 0x000000008df00000, 0x000000008df00000| Complete 
| 224|0x000000008e000000, 0x000000008e100000, 0x000000008e100000|100%| E|CS|TAMS 0x000000008e000000, 0x000000008e000000| Complete 
| 225|0x000000008e100000, 0x000000008e200000, 0x000000008e200000|100%| E|CS|TAMS 0x000000008e100000, 0x000000008e100000| Complete 
| 226|0x000000008e200000, 0x000000008e300000, 0x000000008e300000|100%| E|CS|TAMS 0x000000008e200000, 0x000000008e200000| Complete 
| 227|0x000000008e300000, 0x000000008e400000, 0x000000008e400000|100%| E|CS|TAMS 0x000000008e300000, 0x000000008e300000| Complete 
| 228|0x000000008e400000, 0x000000008e500000, 0x000000008e500000|100%| E|CS|TAMS 0x000000008e400000, 0x000000008e400000| Complete 
| 229|0x000000008e500000, 0x000000008e600000, 0x000000008e600000|100%| E|CS|TAMS 0x000000008e500000, 0x000000008e500000| Complete 
| 230|0x000000008e600000, 0x000000008e700000, 0x000000008e700000|100%| E|CS|TAMS 0x000000008e600000, 0x000000008e600000| Complete 
| 231|0x000000008e700000, 0x000000008e800000, 0x000000008e800000|100%| E|CS|TAMS 0x000000008e700000, 0x000000008e700000| Complete 
| 232|0x000000008e800000, 0x000000008e900000, 0x000000008e900000|100%| E|CS|TAMS 0x000000008e800000, 0x000000008e800000| Complete 
| 233|0x000000008e900000, 0x000000008ea00000, 0x000000008ea00000|100%| E|CS|TAMS 0x000000008e900000, 0x000000008e900000| Complete 
| 234|0x000000008ea00000, 0x000000008eb00000, 0x000000008eb00000|100%| E|CS|TAMS 0x000000008ea00000, 0x000000008ea00000| Complete 
| 235|0x000000008eb00000, 0x000000008ec00000, 0x000000008ec00000|100%| E|  |TAMS 0x000000008eb00000, 0x000000008eb00000| Complete 
| 236|0x000000008ec00000, 0x000000008ed00000, 0x000000008ed00000|100%| E|CS|TAMS 0x000000008ec00000, 0x000000008ec00000| Complete 
| 237|0x000000008ed00000, 0x000000008ee00000, 0x000000008ee00000|100%| E|CS|TAMS 0x000000008ed00000, 0x000000008ed00000| Complete 
| 238|0x000000008ee00000, 0x000000008ef00000, 0x000000008ef00000|100%| E|CS|TAMS 0x000000008ee00000, 0x000000008ee00000| Complete 
| 239|0x000000008ef00000, 0x000000008f000000, 0x000000008f000000|100%| E|CS|TAMS 0x000000008ef00000, 0x000000008ef00000| Complete 
| 240|0x000000008f000000, 0x000000008f100000, 0x000000008f100000|100%| E|CS|TAMS 0x000000008f000000, 0x000000008f000000| Complete 
| 241|0x000000008f100000, 0x000000008f200000, 0x000000008f200000|100%| E|CS|TAMS 0x000000008f100000, 0x000000008f100000| Complete 
| 242|0x000000008f200000, 0x000000008f300000, 0x000000008f300000|100%| E|CS|TAMS 0x000000008f200000, 0x000000008f200000| Complete 
| 243|0x000000008f300000, 0x000000008f400000, 0x000000008f400000|100%| E|CS|TAMS 0x000000008f300000, 0x000000008f300000| Complete 
| 244|0x000000008f400000, 0x000000008f500000, 0x000000008f500000|100%| E|CS|TAMS 0x000000008f400000, 0x000000008f400000| Complete 
| 245|0x000000008f500000, 0x000000008f600000, 0x000000008f600000|100%| E|CS|TAMS 0x000000008f500000, 0x000000008f500000| Complete 
| 246|0x000000008f600000, 0x000000008f700000, 0x000000008f700000|100%| E|CS|TAMS 0x000000008f600000, 0x000000008f600000| Complete 
| 247|0x000000008f700000, 0x000000008f800000, 0x000000008f800000|100%| E|CS|TAMS 0x000000008f700000, 0x000000008f700000| Complete 
| 248|0x000000008f800000, 0x000000008f900000, 0x000000008f900000|100%| E|CS|TAMS 0x000000008f800000, 0x000000008f800000| Complete 
| 249|0x000000008f900000, 0x000000008fa00000, 0x000000008fa00000|100%| E|CS|TAMS 0x000000008f900000, 0x000000008f900000| Complete 
| 250|0x000000008fa00000, 0x000000008fb00000, 0x000000008fb00000|100%| E|CS|TAMS 0x000000008fa00000, 0x000000008fa00000| Complete 
| 251|0x000000008fb00000, 0x000000008fc00000, 0x000000008fc00000|100%| E|CS|TAMS 0x000000008fb00000, 0x000000008fb00000| Complete 

Card table byte_map: [0x0000025052840000,0x0000025052c40000] _byte_map_base: 0x0000025052440000

Marking Bits (Prev, Next): (CMBitMap*) 0x000002503d72ddc0, (CMBitMap*) 0x000002503d72dd88
 Prev Bits: [0x0000025055040000, 0x0000025057040000)
 Next Bits: [0x0000025053040000, 0x0000025055040000)

Polling page: 0x000002503ef80000

Metaspace:

Usage:
  Non-class:     58.63 MB capacity,    57.65 MB ( 98%) used,   833.01 KB (  1%) free+waste,   174.50 KB ( <1%) overhead. 
      Class:      8.99 MB capacity,     8.40 MB ( 94%) used,   515.60 KB (  6%) free+waste,    81.25 KB ( <1%) overhead. 
       Both:     67.62 MB capacity,    66.05 MB ( 98%) used,     1.32 MB (  2%) free+waste,   255.75 KB ( <1%) overhead. 

Virtual space:
  Non-class space:       60.00 MB reserved,      58.67 MB ( 98%) committed 
      Class space:        1.00 GB reserved,       9.00 MB ( <1%) committed 
             Both:        1.06 GB reserved,      67.67 MB (  6%) committed 

Chunk freelists:
   Non-Class:  38.00 KB
       Class:  14.00 KB
        Both:  52.00 KB

MaxMetaspaceSize: 17179869184.00 GB
CompressedClassSpaceSize: 1.00 GB
Initial GC threshold: 20.80 MB
Current GC threshold: 98.61 MB
CDS: off

CodeHeap 'non-profiled nmethods': size=120000Kb used=4251Kb max_used=4251Kb free=115748Kb
 bounds [0x000002504a4a0000, 0x000002504a8d0000, 0x00000250519d0000]
CodeHeap 'profiled nmethods': size=120000Kb used=14381Kb max_used=14381Kb free=105618Kb
 bounds [0x0000025042f70000, 0x0000025043d80000, 0x000002504a4a0000]
CodeHeap 'non-nmethods': size=5760Kb used=2357Kb max_used=2404Kb free=3402Kb
 bounds [0x00000250429d0000, 0x0000025042c40000, 0x0000025042f70000]
 total_blobs=7665 nmethods=6811 adapters=766
 compilation: enabled
              stopped_count=0, restarted_count=0
 full_count=0

Compilation events (20 events):
Event: 9.604 Thread 0x000002505a3f7000 nmethod 6773 0x000002504a8c5110 code [0x000002504a8c52c0, 0x000002504a8c5378]
Event: 9.609 Thread 0x000002505a3f7000 6777       3       org.gradle.api.internal.AbstractMutationGuard::withMutationDisabled (7 bytes)
Event: 9.609 Thread 0x000002505a3f7000 nmethod 6777 0x0000025043d5d310 code [0x0000025043d5d4c0, 0x0000025043d5d688]
Event: 9.609 Thread 0x000002505a3f7000 6778       3       org.gradle.api.internal.DefaultMutationGuard::newActionWithMutation (11 bytes)
Event: 9.609 Thread 0x000002505a3f7000 nmethod 6778 0x0000025043d5d710 code [0x0000025043d5d8e0, 0x0000025043d5dbb8]
Event: 9.609 Thread 0x000002505a3f7000 6779       1       org.gradle.api.internal.provider.Collectors$ElementFromProvider::size (2 bytes)
Event: 9.609 Thread 0x000002505a3f7000 nmethod 6779 0x000002504a8c5410 code [0x000002504a8c55c0, 0x000002504a8c5678]
Event: 9.613 Thread 0x000002505a3f7000 6780       3       org.gradle.api.internal.project.DefaultProject::getExtensions (5 bytes)
Event: 9.614 Thread 0x000002505a3f7000 nmethod 6780 0x0000025043d5dd10 code [0x0000025043d5dee0, 0x0000025043d5e338]
Event: 9.616 Thread 0x000002505a3f7000 6781       3       org.gradle.api.internal.DefaultNamedDomainObjectCollection::findByName (61 bytes)
Event: 9.616 Thread 0x000002505a3f7000 nmethod 6781 0x0000025043d5e490 code [0x0000025043d5e6c0, 0x0000025043d5ee78]
Event: 9.616 Thread 0x000002505a3f7000 6782       3       org.gradle.api.internal.DefaultCollectionCallbackActionDecorator::decorate (51 bytes)
Event: 9.617 Thread 0x000002505a3f7000 nmethod 6782 0x0000025043d5f090 code [0x0000025043d5f2c0, 0x0000025043d5fd28]
Event: 9.618 Thread 0x000002505a3f7000 6783       3       org.gradle.api.internal.artifacts.configurations.DefaultConfiguration::markAsModified (22 bytes)
Event: 9.618 Thread 0x000002505a3f7000 nmethod 6783 0x0000025043d60010 code [0x0000025043d601c0, 0x0000025043d60378]
Event: 9.619 Thread 0x000002505a3f7000 6784       3       org.gradle.api.internal.DefaultDomainObjectCollection::decorate (16 bytes)
Event: 9.619 Thread 0x000002505a3f7000 nmethod 6784 0x0000025043d60410 code [0x0000025043d605e0, 0x0000025043d60878]
Event: 9.619 Thread 0x000002505a3f7000 6785       3       kotlin.collections.CollectionsKt__CollectionsKt::listOfNotNull (11 bytes)
Event: 9.620 Thread 0x000002505a3f7000 nmethod 6785 0x0000025043d60990 code [0x0000025043d60c80, 0x0000025043d61a48]
Event: 9.620 Thread 0x000002505a3f7000 6790       3       kotlin.collections.CollectionsKt___CollectionsKt::joinTo (160 bytes)

GC Heap History (18 events):
Event: 0.917 GC heap before
{Heap before GC invocations=0 (full 0):
 garbage-first heap   total 258048K, used 30720K [0x0000000080000000, 0x0000000100000000)
  region size 1024K, 24 young (24576K), 0 survivors (0K)
 Metaspace       used 10228K, capacity 10491K, committed 10624K, reserved 1058816K
  class space    used 1072K, capacity 1141K, committed 1152K, reserved 1048576K
}
Event: 0.924 GC heap after
{Heap after GC invocations=1 (full 0):
 garbage-first heap   total 258048K, used 9226K [0x0000000080000000, 0x0000000100000000)
  region size 1024K, 3 young (3072K), 3 survivors (3072K)
 Metaspace       used 10228K, capacity 10491K, committed 10624K, reserved 1058816K
  class space    used 1072K, capacity 1141K, committed 1152K, reserved 1048576K
}
Event: 1.161 GC heap before
{Heap before GC invocations=1 (full 0):
 garbage-first heap   total 258048K, used 31754K [0x0000000080000000, 0x0000000100000000)
  region size 1024K, 25 young (25600K), 3 survivors (3072K)
 Metaspace       used 11189K, capacity 11382K, committed 11520K, reserved 1058816K
  class space    used 1174K, capacity 1246K, committed 1280K, reserved 1048576K
}
Event: 1.164 GC heap after
{Heap after GC invocations=2 (full 0):
 garbage-first heap   total 258048K, used 10210K [0x0000000080000000, 0x0000000100000000)
  region size 1024K, 1 young (1024K), 1 survivors (1024K)
 Metaspace       used 11189K, capacity 11382K, committed 11520K, reserved 1058816K
  class space    used 1174K, capacity 1246K, committed 1280K, reserved 1048576K
}
Event: 2.270 GC heap before
{Heap before GC invocations=2 (full 0):
 garbage-first heap   total 258048K, used 66530K [0x0000000080000000, 0x0000000100000000)
  region size 1024K, 55 young (56320K), 1 survivors (1024K)
 Metaspace       used 17886K, capacity 18199K, committed 18432K, reserved 1064960K
  class space    used 2132K, capacity 2244K, committed 2304K, reserved 1048576K
}
Event: 2.275 GC heap after
{Heap after GC invocations=3 (full 0):
 garbage-first heap   total 258048K, used 16343K [0x0000000080000000, 0x0000000100000000)
  region size 1024K, 7 young (7168K), 7 survivors (7168K)
 Metaspace       used 17886K, capacity 18199K, committed 18432K, reserved 1064960K
  class space    used 2132K, capacity 2244K, committed 2304K, reserved 1048576K
}
Event: 2.559 GC heap before
{Heap before GC invocations=3 (full 0):
 garbage-first heap   total 258048K, used 40919K [0x0000000080000000, 0x0000000100000000)
  region size 1024K, 32 young (32768K), 7 survivors (7168K)
 Metaspace       used 20717K, capacity 21137K, committed 21248K, reserved 1067008K
  class space    used 2551K, capacity 2712K, committed 2816K, reserved 1048576K
}
Event: 2.567 GC heap after
{Heap after GC invocations=4 (full 0):
 garbage-first heap   total 258048K, used 17725K [0x0000000080000000, 0x0000000100000000)
  region size 1024K, 1 young (1024K), 1 survivors (1024K)
 Metaspace       used 20717K, capacity 21137K, committed 21248K, reserved 1067008K
  class space    used 2551K, capacity 2712K, committed 2816K, reserved 1048576K
}
Event: 3.657 GC heap before
{Heap before GC invocations=5 (full 0):
 garbage-first heap   total 258048K, used 102717K [0x0000000080000000, 0x0000000100000000)
  region size 1024K, 84 young (86016K), 1 survivors (1024K)
 Metaspace       used 29109K, capacity 29720K, committed 29952K, reserved 1075200K
  class space    used 3870K, capacity 4096K, committed 4096K, reserved 1048576K
}
Event: 3.662 GC heap after
{Heap after GC invocations=6 (full 0):
 garbage-first heap   total 258048K, used 20394K [0x0000000080000000, 0x0000000100000000)
  region size 1024K, 4 young (4096K), 4 survivors (4096K)
 Metaspace       used 29109K, capacity 29720K, committed 29952K, reserved 1075200K
  class space    used 3870K, capacity 4096K, committed 4096K, reserved 1048576K
}
Event: 4.108 GC heap before
{Heap before GC invocations=6 (full 0):
 garbage-first heap   total 258048K, used 47018K [0x0000000080000000, 0x0000000100000000)
  region size 1024K, 31 young (31744K), 4 survivors (4096K)
 Metaspace       used 34891K, capacity 35718K, committed 35840K, reserved 1081344K
  class space    used 4532K, capacity 4839K, committed 4864K, reserved 1048576K
}
Event: 4.117 GC heap after
{Heap after GC invocations=7 (full 0):
 garbage-first heap   total 258048K, used 22826K [0x0000000080000000, 0x0000000100000000)
  region size 1024K, 6 young (6144K), 6 survivors (6144K)
 Metaspace       used 34891K, capacity 35718K, committed 35840K, reserved 1081344K
  class space    used 4532K, capacity 4839K, committed 4864K, reserved 1048576K
}
Event: 5.412 GC heap before
{Heap before GC invocations=8 (full 0):
 garbage-first heap   total 258048K, used 131370K [0x0000000080000000, 0x0000000100000000)
  region size 1024K, 109 young (111616K), 6 survivors (6144K)
 Metaspace       used 44060K, capacity 45129K, committed 45312K, reserved 1089536K
  class space    used 5643K, capacity 6043K, committed 6144K, reserved 1048576K
}
Event: 5.422 GC heap after
{Heap after GC invocations=9 (full 0):
 garbage-first heap   total 258048K, used 29585K [0x0000000080000000, 0x0000000100000000)
  region size 1024K, 13 young (13312K), 13 survivors (13312K)
 Metaspace       used 44060K, capacity 45129K, committed 45312K, reserved 1089536K
  class space    used 5643K, capacity 6043K, committed 6144K, reserved 1048576K
}
Event: 7.027 GC heap before
{Heap before GC invocations=9 (full 0):
 garbage-first heap   total 258048K, used 154513K [0x0000000080000000, 0x0000000100000000)
  region size 1024K, 128 young (131072K), 13 survivors (13312K)
 Metaspace       used 49480K, capacity 50845K, committed 50944K, reserved 1093632K
  class space    used 6334K, capacity 6844K, committed 6912K, reserved 1048576K
}
Event: 7.042 GC heap after
{Heap after GC invocations=10 (full 0):
 garbage-first heap   total 258048K, used 48873K [0x0000000080000000, 0x0000000100000000)
  region size 1024K, 16 young (16384K), 16 survivors (16384K)
 Metaspace       used 49480K, capacity 50845K, committed 50944K, reserved 1093632K
  class space    used 6334K, capacity 6844K, committed 6912K, reserved 1048576K
}
Event: 8.157 GC heap before
{Heap before GC invocations=10 (full 0):
 garbage-first heap   total 258048K, used 112361K [0x0000000080000000, 0x0000000100000000)
  region size 1024K, 79 young (80896K), 16 survivors (16384K)
 Metaspace       used 58341K, capacity 59803K, committed 59948K, reserved 1101824K
  class space    used 7445K, capacity 8013K, committed 8064K, reserved 1048576K
}
Event: 8.185 GC heap after
{Heap after GC invocations=11 (full 0):
 garbage-first heap   total 258048K, used 52327K [0x0000000080000000, 0x0000000100000000)
  region size 1024K, 4 young (4096K), 4 survivors (4096K)
 Metaspace       used 58341K, capacity 59803K, committed 59948K, reserved 1101824K
  class space    used 7445K, capacity 8013K, committed 8064K, reserved 1048576K
}

Deoptimization events (20 events):
Event: 9.380 Thread 0x000002505cfb1000 DEOPT PACKING pc=0x00000250434f6616 sp=0x00000063dd3f7a80
Event: 9.380 Thread 0x000002505cfb1000 DEOPT UNPACKING pc=0x0000025042a19d0e sp=0x00000063dd3f6f98 mode 0
Event: 9.382 Thread 0x000002505cfb1000 DEOPT PACKING pc=0x0000025043401e91 sp=0x00000063dd3f7ab0
Event: 9.382 Thread 0x000002505cfb1000 DEOPT UNPACKING pc=0x0000025042a19d0e sp=0x00000063dd3f6f88 mode 0
Event: 9.383 Thread 0x000002505cfb1000 Uncommon trap: trap_request=0xffffff4d fr.pc=0x000002504a553eac relative=0x000000000000056c
Event: 9.383 Thread 0x000002505cfb1000 Uncommon trap: reason=unstable_if action=reinterpret pc=0x000002504a553eac method=java.lang.String.replace(CC)Ljava/lang/String; @ 2 c2
Event: 9.383 Thread 0x000002505cfb1000 DEOPT PACKING pc=0x000002504a553eac sp=0x00000063dd3f7bb0
Event: 9.383 Thread 0x000002505cfb1000 DEOPT UNPACKING pc=0x00000250429d85af sp=0x00000063dd3f7b60 mode 2
Event: 9.423 Thread 0x000002505cfb1000 Uncommon trap: trap_request=0xffffffde fr.pc=0x000002504a8a74f0 relative=0x0000000000002b50
Event: 9.423 Thread 0x000002505cfb1000 Uncommon trap: reason=class_check action=maybe_recompile pc=0x000002504a8a74f0 method=java.util.TreeMap.put(Ljava/lang/Object;Ljava/lang/Object;)Ljava/lang/Object; @ 127 c2
Event: 9.423 Thread 0x000002505cfb1000 DEOPT PACKING pc=0x000002504a8a74f0 sp=0x00000063dd3f7ec0
Event: 9.423 Thread 0x000002505cfb1000 DEOPT UNPACKING pc=0x00000250429d85af sp=0x00000063dd3f7e88 mode 2
Event: 9.464 Thread 0x000002505cfb1000 Uncommon trap: trap_request=0xffffff4d fr.pc=0x000002504a59517c relative=0x000000000000089c
Event: 9.464 Thread 0x000002505cfb1000 Uncommon trap: reason=unstable_if action=reinterpret pc=0x000002504a59517c method=java.lang.Integer.stringSize(I)I @ 19 c2
Event: 9.464 Thread 0x000002505cfb1000 DEOPT PACKING pc=0x000002504a59517c sp=0x00000063dd3f90f0
Event: 9.464 Thread 0x000002505cfb1000 DEOPT UNPACKING pc=0x00000250429d85af sp=0x00000063dd3f9048 mode 2
Event: 9.535 Thread 0x000002505cfb1000 Uncommon trap: trap_request=0xffffff4d fr.pc=0x000002504a5f3190 relative=0x0000000000004d70
Event: 9.535 Thread 0x000002505cfb1000 Uncommon trap: reason=unstable_if action=reinterpret pc=0x000002504a5f3190 method=sun.net.www.protocol.jar.Handler.parseURL(Ljava/net/URL;Ljava/lang/String;II)V @ 116 c2
Event: 9.535 Thread 0x000002505cfb1000 DEOPT PACKING pc=0x000002504a5f3190 sp=0x00000063dd3f7ee0
Event: 9.535 Thread 0x000002505cfb1000 DEOPT UNPACKING pc=0x00000250429d85af sp=0x00000063dd3f7dd8 mode 2

Classes redefined (0 events):
No events

Internal exceptions (20 events):
Event: 8.962 Thread 0x000002505cfb1000 Exception <a 'java/lang/ClassNotFoundException'{0x000000008cd6bf40}: org/gradle/api/plugins/internal/DefaultBasePluginConventionBeanInfo> (0x000000008cd6bf40) thrown at [./src/hotspot/share/classfile/systemDictionary.cpp, line 231]
Event: 8.964 Thread 0x000002505cfb1000 Exception <a 'java/lang/ClassNotFoundException'{0x000000008cda8a38}: org/gradle/api/plugins/BasePluginConventionBeanInfo> (0x000000008cda8a38) thrown at [./src/hotspot/share/classfile/systemDictionary.cpp, line 231]
Event: 8.965 Thread 0x000002505cfb1000 Exception <a 'java/lang/ClassNotFoundException'{0x000000008cde5490}: org/gradle/api/plugins/BasePluginConventionCustomizer> (0x000000008cde5490) thrown at [./src/hotspot/share/classfile/systemDictionary.cpp, line 231]
Event: 8.966 Thread 0x000002505cfb1000 Exception <a 'java/lang/ClassNotFoundException'{0x000000008cc33bb0}: org/gradle/api/plugins/internal/DefaultBasePluginConventionCustomizer> (0x000000008cc33bb0) thrown at [./src/hotspot/share/classfile/systemDictionary.cpp, line 231]
Event: 8.970 Thread 0x000002505cfb1000 Exception <a 'java/lang/ClassNotFoundException'{0x000000008ccb4b30}: org/gradle/api/plugins/internal/DefaultJavaPluginConventionBeanInfo> (0x000000008ccb4b30) thrown at [./src/hotspot/share/classfile/systemDictionary.cpp, line 231]
Event: 8.971 Thread 0x000002505cfb1000 Exception <a 'java/lang/ClassNotFoundException'{0x000000008ccf1390}: org/gradle/api/plugins/JavaPluginConventionBeanInfo> (0x000000008ccf1390) thrown at [./src/hotspot/share/classfile/systemDictionary.cpp, line 231]
Event: 8.972 Thread 0x000002505cfb1000 Exception <a 'java/lang/ClassNotFoundException'{0x000000008cb2e2b0}: org/gradle/api/plugins/JavaPluginConventionCustomizer> (0x000000008cb2e2b0) thrown at [./src/hotspot/share/classfile/systemDictionary.cpp, line 231]
Event: 8.974 Thread 0x000002505cfb1000 Exception <a 'java/lang/ClassNotFoundException'{0x000000008cb863f0}: org/gradle/api/plugins/internal/DefaultJavaPluginConventionCustomizer> (0x000000008cb863f0) thrown at [./src/hotspot/share/classfile/systemDictionary.cpp, line 231]
Event: 9.124 Thread 0x000002505cfb1000 Implicit null exception at 0x000002504a87dee6 to 0x000002504a87dfb0
Event: 9.343 Thread 0x000002505cfb1000 Exception <a 'java/lang/IncompatibleClassChangeError'{0x000000008b1bfb00}: Found class java.lang.Object, but interface was expected> (0x000000008b1bfb00) thrown at [./src/hotspot/share/interpreter/linkResolver.cpp, line 839]
Event: 9.389 Thread 0x000002505cfb1000 Exception <a 'java/lang/ClassNotFoundException'{0x000000008af84d90}: org/gradle/api/internal/project/DefaultAntBuilderBeanInfo> (0x000000008af84d90) thrown at [./src/hotspot/share/classfile/systemDictionary.cpp, line 231]
Event: 9.390 Thread 0x000002505cfb1000 Exception <a 'java/lang/ClassNotFoundException'{0x000000008afb92d0}: org/gradle/api/internal/project/ant/BasicAntBuilderBeanInfo> (0x000000008afb92d0) thrown at [./src/hotspot/share/classfile/systemDictionary.cpp, line 231]
Event: 9.391 Thread 0x000002505cfb1000 Exception <a 'java/lang/ClassNotFoundException'{0x000000008afe2ba8}: org/gradle/api/AntBuilderBeanInfo> (0x000000008afe2ba8) thrown at [./src/hotspot/share/classfile/systemDictionary.cpp, line 231]
Event: 9.394 Thread 0x000002505cfb1000 Exception <a 'java/lang/ClassNotFoundException'{0x000000008ae5e4d8}: groovy/util/AntBuilderBeanInfo> (0x000000008ae5e4d8) thrown at [./src/hotspot/share/classfile/systemDictionary.cpp, line 231]
Event: 9.396 Thread 0x000002505cfb1000 Exception <a 'java/lang/ClassNotFoundException'{0x000000008aedb020}: groovy/util/BuilderSupportBeanInfo> (0x000000008aedb020) thrown at [./src/hotspot/share/classfile/systemDictionary.cpp, line 231]
Event: 9.398 Thread 0x000002505cfb1000 Exception <a 'java/lang/ClassNotFoundException'{0x000000008ad59000}: groovy/util/BuilderSupportCustomizer> (0x000000008ad59000) thrown at [./src/hotspot/share/classfile/systemDictionary.cpp, line 231]
Event: 9.401 Thread 0x000002505cfb1000 Exception <a 'java/lang/ClassNotFoundException'{0x000000008add6ab8}: groovy/util/AntBuilderCustomizer> (0x000000008add6ab8) thrown at [./src/hotspot/share/classfile/systemDictionary.cpp, line 231]
Event: 9.402 Thread 0x000002505cfb1000 Exception <a 'java/lang/ClassNotFoundException'{0x000000008ac07a08}: org/gradle/api/AntBuilderCustomizer> (0x000000008ac07a08) thrown at [./src/hotspot/share/classfile/systemDictionary.cpp, line 231]
Event: 9.404 Thread 0x000002505cfb1000 Exception <a 'java/lang/ClassNotFoundException'{0x000000008ac47688}: org/gradle/api/internal/project/ant/BasicAntBuilderCustomizer> (0x000000008ac47688) thrown at [./src/hotspot/share/classfile/systemDictionary.cpp, line 231]
Event: 9.406 Thread 0x000002505cfb1000 Exception <a 'java/lang/ClassNotFoundException'{0x000000008ac8e620}: org/gradle/api/internal/project/DefaultAntBuilderCustomizer> (0x000000008ac8e620) thrown at [./src/hotspot/share/classfile/systemDictionary.cpp, line 231]

Events (20 events):
Event: 9.615 loading class org/gradle/api/artifacts/Configuration$State
Event: 9.615 loading class org/gradle/api/artifacts/Configuration$State done
Event: 9.615 loading class org/jetbrains/kotlin/gradle/internal/KotlinDependenciesManagementKt$sam$org_gradle_api_Action$0
Event: 9.615 loading class org/jetbrains/kotlin/gradle/internal/KotlinDependenciesManagementKt$sam$org_gradle_api_Action$0 done
Event: 9.616 loading class org/jetbrains/kotlin/gradle/internal/KotlinDependenciesManagementKt$configureKotlinTestDependency$1$1
Event: 9.616 loading class org/jetbrains/kotlin/gradle/internal/KotlinDependenciesManagementKt$configureKotlinTestDependency$1$1 done
Event: 9.616 loading class org/jetbrains/kotlin/gradle/internal/KotlinDependenciesManagementKt$nonProjectDependencies$1
Event: 9.616 loading class org/jetbrains/kotlin/gradle/internal/KotlinDependenciesManagementKt$nonProjectDependencies$1 done
Event: 9.617 loading class org/gradle/api/artifacts/DependencySet
Event: 9.617 loading class org/gradle/api/artifacts/DependencySet done
Event: 9.617 loading class org/jetbrains/kotlin/gradle/internal/KotlinDependenciesManagementKt$configureKotlinTestDependency$1$1$1
Event: 9.617 loading class org/jetbrains/kotlin/gradle/internal/KotlinDependenciesManagementKt$configureKotlinTestDependency$1$1$1 done
Event: 9.617 loading class org/jetbrains/kotlin/gradle/internal/KotlinDependenciesManagementKt$configureKotlinTestDependency$1$1$2$2
Event: 9.617 loading class org/jetbrains/kotlin/gradle/internal/KotlinDependenciesManagementKt$configureKotlinTestDependency$1$1$2$2 done
Event: 9.617 loading class org/jetbrains/kotlin/gradle/internal/KotlinDependenciesManagementKt$configureKotlinTestDependency$1$1$2$3
Event: 9.617 loading class org/jetbrains/kotlin/gradle/internal/KotlinDependenciesManagementKt$configureKotlinTestDependency$1$1$2$3 done
Event: 9.618 loading class org/jetbrains/kotlin/gradle/internal/KotlinDependenciesManagementKt$configureKotlinTestDependency$1$1$3
Event: 9.618 loading class org/jetbrains/kotlin/gradle/internal/KotlinDependenciesManagementKt$configureKotlinTestDependency$1$1$3 done
Event: 9.621 loading class org/jetbrains/kotlin/gradle/internal/KotlinDependenciesManagementKt$configureDefaultVersionsResolutionStrategy$1
Event: 9.621 loading class org/jetbrains/kotlin/gradle/internal/KotlinDependenciesManagementKt$configureDefaultVersionsResolutionStrategy$1 done


Dynamic libraries:
0x00007ff68afd0000 - 0x00007ff68afda000 	C:\Program Files\Android\Android Studio\jre\bin\java.exe
0x00007ffdc9570000 - 0x00007ffdc9765000 	C:\Windows\SYSTEM32\ntdll.dll
0x00007ffdc7c70000 - 0x00007ffdc7d2d000 	C:\Windows\System32\KERNEL32.DLL
0x00007ffdc72a0000 - 0x00007ffdc756d000 	C:\Windows\System32\KERNELBASE.dll
0x00007ffdc6c80000 - 0x00007ffdc6d80000 	C:\Windows\System32\ucrtbase.dll
0x00007ffda65b0000 - 0x00007ffda65c9000 	C:\Program Files\Android\Android Studio\jre\bin\jli.dll
0x00007ffda60a0000 - 0x00007ffda60b7000 	C:\Program Files\Android\Android Studio\jre\bin\VCRUNTIME140.dll
0x00007ffdc92f0000 - 0x00007ffdc9490000 	C:\Windows\System32\USER32.dll
0x00007ffdae390000 - 0x00007ffdae62a000 	C:\Windows\WinSxS\amd64_microsoft.windows.common-controls_6595b64144ccf1df_6.0.19041.1110_none_60b5254171f9507e\COMCTL32.dll
0x00007ffdc6f70000 - 0x00007ffdc6f92000 	C:\Windows\System32\win32u.dll
0x00007ffdc8cc0000 - 0x00007ffdc8d5e000 	C:\Windows\System32\msvcrt.dll
0x00007ffdc8390000 - 0x00007ffdc83ba000 	C:\Windows\System32\GDI32.dll
0x00007ffdc6db0000 - 0x00007ffdc6ebb000 	C:\Windows\System32\gdi32full.dll
0x00007ffdc7200000 - 0x00007ffdc729d000 	C:\Windows\System32\msvcp_win.dll
0x00007ffdc75c0000 - 0x00007ffdc75f0000 	C:\Windows\System32\IMM32.DLL
0x00007ffd7a4b0000 - 0x00007ffd7a54d000 	C:\Program Files\Android\Android Studio\jre\bin\msvcp140.dll
0x00007ffd651a0000 - 0x00007ffd65c85000 	C:\Program Files\Android\Android Studio\jre\bin\server\jvm.dll
0x00007ffdc9240000 - 0x00007ffdc92ee000 	C:\Windows\System32\ADVAPI32.dll
0x00007ffdc9490000 - 0x00007ffdc952c000 	C:\Windows\System32\sechost.dll
0x00007ffdc8430000 - 0x00007ffdc8555000 	C:\Windows\System32\RPCRT4.dll
0x00007ffdc8cb0000 - 0x00007ffdc8cb8000 	C:\Windows\System32\PSAPI.DLL
0x00007ffdb0db0000 - 0x00007ffdb0db9000 	C:\Windows\SYSTEM32\WSOCK32.dll
0x00007ffdbc290000 - 0x00007ffdbc2b7000 	C:\Windows\SYSTEM32\WINMM.dll
0x00007ffdbe2a0000 - 0x00007ffdbe2aa000 	C:\Windows\SYSTEM32\VERSION.dll
0x00007ffdc83c0000 - 0x00007ffdc842b000 	C:\Windows\System32\ws2_32.DLL
0x00007ffdc5510000 - 0x00007ffdc5522000 	C:\Windows\SYSTEM32\kernel.appcore.dll
0x00007ffdb09c0000 - 0x00007ffdb09d1000 	C:\Program Files\Android\Android Studio\jre\bin\verify.dll
0x00007ffdc5210000 - 0x00007ffdc53f4000 	C:\Windows\SYSTEM32\DBGHELP.DLL
0x00007ffdbdb70000 - 0x00007ffdbdb9c000 	C:\Windows\SYSTEM32\dbgcore.DLL
0x00007ffdc6fa0000 - 0x00007ffdc7022000 	C:\Windows\System32\bcryptPrimitives.dll
0x00007ffdaf560000 - 0x00007ffdaf589000 	C:\Program Files\Android\Android Studio\jre\bin\java.dll
0x00007ffdbec10000 - 0x00007ffdbec1b000 	C:\Program Files\Android\Android Studio\jre\bin\jimage.dll
0x00007ffdaac20000 - 0x00007ffdaac38000 	C:\Program Files\Android\Android Studio\jre\bin\zip.dll
0x00007ffdc8560000 - 0x00007ffdc8ca4000 	C:\Windows\System32\SHELL32.dll
0x00007ffdc49a0000 - 0x00007ffdc5134000 	C:\Windows\SYSTEM32\windows.storage.dll
0x00007ffdc7910000 - 0x00007ffdc7c64000 	C:\Windows\System32\combase.dll
0x00007ffdc6670000 - 0x00007ffdc669c000 	C:\Windows\SYSTEM32\Wldp.dll
0x00007ffdc7860000 - 0x00007ffdc790d000 	C:\Windows\System32\SHCORE.dll
0x00007ffdc75f0000 - 0x00007ffdc7645000 	C:\Windows\System32\shlwapi.dll
0x00007ffdc6bc0000 - 0x00007ffdc6bdf000 	C:\Windows\SYSTEM32\profapi.dll
0x00007ffda7640000 - 0x00007ffda765a000 	C:\Program Files\Android\Android Studio\jre\bin\net.dll
0x00007ffdc1e20000 - 0x00007ffdc1f2a000 	C:\Windows\SYSTEM32\WINHTTP.dll
0x00007ffdc63d0000 - 0x00007ffdc643a000 	C:\Windows\system32\mswsock.dll
0x00007ffda74e0000 - 0x00007ffda74f4000 	C:\Program Files\Android\Android Studio\jre\bin\nio.dll
0x00007ffd97970000 - 0x00007ffd97997000 	C:\Users\Dell\.gradle\native\e1d6ef7f7dcc3fd88c89a11ec53ec762bb8ba0a96d01ffa2cd45eb1d1d8dd5c5\windows-amd64\native-platform.dll
0x00007ffd64790000 - 0x00007ffd648d4000 	C:\Users\Dell\.gradle\native\5664cfc778a61ccfe75a443a1ab52a65af34e5dc3c78e0209fed803814484fcb\windows-amd64\native-platform-file-events.dll
0x00007ffdbdc70000 - 0x00007ffdbdc7a000 	C:\Program Files\Android\Android Studio\jre\bin\management.dll
0x00007ffdb09b0000 - 0x00007ffdb09bd000 	C:\Program Files\Android\Android Studio\jre\bin\management_ext.dll
0x00007ffdc65c0000 - 0x00007ffdc65d8000 	C:\Windows\SYSTEM32\CRYPTSP.dll
0x00007ffdc5d50000 - 0x00007ffdc5d84000 	C:\Windows\system32\rsaenh.dll
0x00007ffdc6d80000 - 0x00007ffdc6da7000 	C:\Windows\System32\bcrypt.dll
0x00007ffdc6b80000 - 0x00007ffdc6bae000 	C:\Windows\SYSTEM32\USERENV.dll
0x00007ffdc65e0000 - 0x00007ffdc65ec000 	C:\Windows\SYSTEM32\CRYPTBASE.dll
0x00007ffdc60c0000 - 0x00007ffdc60fb000 	C:\Windows\SYSTEM32\IPHLPAPI.DLL
0x00007ffdc9090000 - 0x00007ffdc9098000 	C:\Windows\System32\NSI.dll
0x00007ffdc15e0000 - 0x00007ffdc15f7000 	C:\Windows\SYSTEM32\dhcpcsvc6.DLL
0x00007ffdc15c0000 - 0x00007ffdc15dd000 	C:\Windows\SYSTEM32\dhcpcsvc.DLL
0x00007ffdc6100000 - 0x00007ffdc61cb000 	C:\Windows\SYSTEM32\DNSAPI.dll

dbghelp: loaded successfully - version: 4.0.5 - missing functions: none
symbol engine: initialized successfully - sym options: 0x614 - pdb path: .;C:\Program Files\Android\Android Studio\jre\bin;C:\Windows\SYSTEM32;C:\Windows\WinSxS\amd64_microsoft.windows.common-controls_6595b64144ccf1df_6.0.19041.1110_none_60b5254171f9507e;C:\Program Files\Android\Android Studio\jre\bin\server;C:\Users\Dell\.gradle\native\e1d6ef7f7dcc3fd88c89a11ec53ec762bb8ba0a96d01ffa2cd45eb1d1d8dd5c5\windows-amd64;C:\Users\Dell\.gradle\native\5664cfc778a61ccfe75a443a1ab52a65af34e5dc3c78e0209fed803814484fcb\windows-amd64

VM Arguments:
jvm_args: --add-opens=java.base/java.util=ALL-UNNAMED --add-opens=java.base/java.lang=ALL-UNNAMED --add-opens=java.base/java.lang.invoke=ALL-UNNAMED --add-opens=java.base/java.util=ALL-UNNAMED --add-opens=java.prefs/java.util.prefs=ALL-UNNAMED --add-opens=java.prefs/java.util.prefs=ALL-UNNAMED --add-opens=java.base/java.nio.charset=ALL-UNNAMED --add-opens=java.base/java.net=ALL-UNNAMED --add-opens=java.base/java.util.concurrent.atomic=ALL-UNNAMED -Xmx2048m -Dfile.encoding=UTF-8 -Duser.country=IN -Duser.language=en -Duser.variant 
java_command: org.gradle.launcher.daemon.bootstrap.GradleDaemon 7.3.3
java_class_path (initial): C:\Users\Dell\.gradle\wrapper\dists\gradle-7.3.3-bin\6a41zxkdtcxs8rphpq6y0069z\gradle-7.3.3\lib\gradle-launcher-7.3.3.jar
Launcher Type: SUN_STANDARD

[Global flags]
     intx CICompilerCount                          = 4                                         {product} {ergonomic}
     uint ConcGCThreads                            = 2                                         {product} {ergonomic}
     uint G1ConcRefinementThreads                  = 8                                         {product} {ergonomic}
   size_t G1HeapRegionSize                         = 1048576                                   {product} {ergonomic}
    uintx GCDrainStackTargetSize                   = 64                                        {product} {ergonomic}
   size_t InitialHeapSize                          = 264241152                                 {product} {ergonomic}
   size_t MarkStackSize                            = 4194304                                   {product} {ergonomic}
   size_t MaxHeapSize                              = 2147483648                                {product} {command line}
   size_t MaxNewSize                               = 1287651328                                {product} {ergonomic}
   size_t MinHeapDeltaBytes                        = 1048576                                   {product} {ergonomic}
    uintx NonNMethodCodeHeapSize                   = 5836300                                {pd product} {ergonomic}
    uintx NonProfiledCodeHeapSize                  = 122910970                              {pd product} {ergonomic}
    uintx ProfiledCodeHeapSize                     = 122910970                              {pd product} {ergonomic}
    uintx ReservedCodeCacheSize                    = 251658240                              {pd product} {ergonomic}
     bool SegmentedCodeCache                       = true                                      {product} {ergonomic}
     bool UseCompressedClassPointers               = true                                 {lp64_product} {ergonomic}
     bool UseCompressedOops                        = true                                 {lp64_product} {ergonomic}
     bool UseG1GC                                  = true                                      {product} {ergonomic}
     bool UseLargePagesIndividualAllocation        = false                                  {pd product} {ergonomic}

Logging:
Log output configuration:
 #0: stdout all=warning uptime,level,tags
 #1: stderr all=off uptime,level,tags

Environment Variables:
PATH=C:\Program Files\Common Files\Oracle\Java\javapath;C:\Windows\system32;C:\Windows;C:\Windows\System32\Wbem;C:\Windows\System32\WindowsPowerShell\v1.0\;C:\Windows\System32\OpenSSH\;C:\Program Files\Git\cmd;C:\Program Files\dotnet\;C:\flutter\bin\;C:\Users\Dell\AppData\Local\Programs\Python\Python39\Scripts\;C:\Users\Dell\AppData\Local\Programs\Python\Python39\;C:\Users\Dell\AppData\Local\Microsoft\WindowsApps;;C:\Users\Dell\AppData\Local\Programs\Microsoft VS Code\bin;C:\Program Files\JetBrains\IntelliJ IDEA Community Edition 2021.3.1\bin;
USERNAME=Dell
OS=Windows_NT
PROCESSOR_IDENTIFIER=Intel64 Family 6 Model 140 Stepping 1, GenuineIntel



---------------  S Y S T E M  ---------------

OS: Windows 10 , 64 bit Build 19041 (10.0.19041.1706)
OS uptime: 10 days 22:55 hours

CPU:total 8 (initial active 8) (4 cores per cpu, 2 threads per core) family 6 model 140 stepping 1 microcode 0xa4, cmov, cx8, fxsr, mmx, sse, sse2, sse3, ssse3, sse4.1, sse4.2, popcnt, avx, avx2, aes, clmul, erms, 3dnowpref, lzcnt, ht, tsc, tscinvbit, bmi1, bmi2, adx, evex, sha, fma

Memory: 4k page, system-wide physical 16122M (804M free)
TotalPageFile size 55441M (AvailPageFile size 4M)
current process WorkingSet (physical memory assigned to process): 414M, peak: 417M
current process commit charge ("private bytes"): 513M, peak: 516M

vm_info: OpenJDK 64-Bit Server VM (11.0.12+7-b1504.28-7817840) for windows-amd64 JRE (11.0.12+7-b1504.28-7817840), built on Oct 13 2021 22:12:33 by "builder" with MS VC++ 14.0 (VS2015)

END.
